{"C:\\Users\\pedro\\Desktop\\Code\\clik\\packages\\clik-engine\\src\\analytics\\AnalyticsManager.ts": {"path":"C:\\Users\\pedro\\Desktop\\Code\\clik\\packages\\clik-engine\\src\\analytics\\AnalyticsManager.ts","statementMap":{"0":{"start":{"line":12,"column":37},"end":{"line":12,"column":null}},"1":{"start":{"line":13,"column":41},"end":{"line":13,"column":null}},"2":{"start":{"line":14,"column":20},"end":{"line":14,"column":null}},"3":{"start":{"line":19,"column":4},"end":{"line":19,"column":null}},"4":{"start":{"line":20,"column":4},"end":{"line":20,"column":null}},"5":{"start":{"line":25,"column":4},"end":{"line":25,"column":null}},"6":{"start":{"line":26,"column":4},"end":{"line":26,"column":null}},"7":{"start":{"line":31,"column":4},"end":{"line":33,"column":null}},"8":{"start":{"line":32,"column":6},"end":{"line":32,"column":null}},"9":{"start":{"line":34,"column":4},"end":{"line":34,"column":null}},"10":{"start":{"line":39,"column":4},"end":{"line":39,"column":null}},"11":{"start":{"line":39,"column":23},"end":{"line":39,"column":null}},"12":{"start":{"line":41,"column":34},"end":{"line":45,"column":null}},"13":{"start":{"line":47,"column":4},"end":{"line":47,"column":null}},"14":{"start":{"line":48,"column":4},"end":{"line":54,"column":null}},"15":{"start":{"line":49,"column":6},"end":{"line":53,"column":null}},"16":{"start":{"line":50,"column":8},"end":{"line":50,"column":null}},"17":{"start":{"line":59,"column":4},"end":{"line":59,"column":null}},"18":{"start":{"line":64,"column":4},"end":{"line":64,"column":null}},"19":{"start":{"line":69,"column":4},"end":{"line":69,"column":null}},"20":{"start":{"line":74,"column":4},"end":{"line":74,"column":null}},"21":{"start":{"line":79,"column":4},"end":{"line":79,"column":null}},"22":{"start":{"line":84,"column":4},"end":{"line":84,"column":null}},"23":{"start":{"line":89,"column":4},"end":{"line":89,"column":null}},"24":{"start":{"line":89,"column":35},"end":{"line":89,"column":50}},"25":{"start":{"line":94,"column":4},"end":{"line":94,"column":null}},"26":{"start":{"line":95,"column":4},"end":{"line":95,"column":null}},"27":{"start":{"line":100,"column":4},"end":{"line":100,"column":null}}},"fnMap":{"0":{"name":"(anonymous_0)","decl":{"start":{"line":18,"column":2},"end":{"line":18,"column":16}},"loc":{"start":{"line":18,"column":16},"end":{"line":21,"column":null}},"line":18},"1":{"name":"(anonymous_1)","decl":{"start":{"line":24,"column":2},"end":{"line":24,"column":13}},"loc":{"start":{"line":24,"column":46},"end":{"line":27,"column":null}},"line":24},"2":{"name":"(anonymous_2)","decl":{"start":{"line":30,"column":2},"end":{"line":30,"column":28}},"loc":{"start":{"line":30,"column":28},"end":{"line":35,"column":null}},"line":30},"3":{"name":"(anonymous_3)","decl":{"start":{"line":31,"column":20},"end":{"line":31,"column":21}},"loc":{"start":{"line":31,"column":31},"end":{"line":33,"column":5}},"line":31},"4":{"name":"(anonymous_4)","decl":{"start":{"line":38,"column":2},"end":{"line":38,"column":8}},"loc":{"start":{"line":38,"column":60},"end":{"line":55,"column":null}},"line":38},"5":{"name":"(anonymous_5)","decl":{"start":{"line":58,"column":2},"end":{"line":58,"column":17}},"loc":{"start":{"line":58,"column":41},"end":{"line":60,"column":null}},"line":58},"6":{"name":"(anonymous_6)","decl":{"start":{"line":63,"column":2},"end":{"line":63,"column":13}},"loc":{"start":{"line":63,"column":40},"end":{"line":65,"column":null}},"line":63},"7":{"name":"(anonymous_7)","decl":{"start":{"line":68,"column":2},"end":{"line":68,"column":17}},"loc":{"start":{"line":68,"column":70},"end":{"line":70,"column":null}},"line":68},"8":{"name":"(anonymous_8)","decl":{"start":{"line":73,"column":2},"end":{"line":73,"column":31}},"loc":{"start":{"line":73,"column":31},"end":{"line":75,"column":null}},"line":73},"9":{"name":"(anonymous_9)","decl":{"start":{"line":78,"column":2},"end":{"line":78,"column":25}},"loc":{"start":{"line":78,"column":25},"end":{"line":80,"column":null}},"line":78},"10":{"name":"(anonymous_10)","decl":{"start":{"line":83,"column":2},"end":{"line":83,"column":41}},"loc":{"start":{"line":83,"column":41},"end":{"line":85,"column":null}},"line":83},"11":{"name":"(anonymous_11)","decl":{"start":{"line":88,"column":2},"end":{"line":88,"column":16}},"loc":{"start":{"line":88,"column":38},"end":{"line":90,"column":null}},"line":88},"12":{"name":"(anonymous_12)","decl":{"start":{"line":89,"column":30},"end":{"line":89,"column":35}},"loc":{"start":{"line":89,"column":35},"end":{"line":89,"column":50}},"line":89},"13":{"name":"(anonymous_13)","decl":{"start":{"line":93,"column":2},"end":{"line":93,"column":13}},"loc":{"start":{"line":93,"column":37},"end":{"line":96,"column":null}},"line":93},"14":{"name":"(anonymous_14)","decl":{"start":{"line":99,"column":2},"end":{"line":99,"column":16}},"loc":{"start":{"line":99,"column":16},"end":{"line":101,"column":null}},"line":99}},"branchMap":{"0":{"loc":{"start":{"line":39,"column":4},"end":{"line":39,"column":null}},"type":"if","locations":[{"start":{"line":39,"column":4},"end":{"line":39,"column":null}},{"start":{},"end":{}}],"line":39},"1":{"loc":{"start":{"line":95,"column":40},"end":{"line":95,"column":72}},"type":"cond-expr","locations":[{"start":{"line":95,"column":50},"end":{"line":95,"column":62}},{"start":{"line":95,"column":62},"end":{"line":95,"column":72}}],"line":95}},"s":{"0":10,"1":10,"2":10,"3":10,"4":10,"5":2,"6":2,"7":0,"8":0,"9":0,"10":8,"11":1,"12":7,"13":7,"14":7,"15":2,"16":2,"17":1,"18":0,"19":1,"20":1,"21":2,"22":7,"23":1,"24":1,"25":1,"26":1,"27":1},"f":{"0":10,"1":2,"2":0,"3":0,"4":8,"5":1,"6":0,"7":1,"8":1,"9":2,"10":7,"11":1,"12":1,"13":1,"14":1},"b":{"0":[1,7],"1":[0,1]},"meta":{"lastBranch":2,"lastFunction":15,"lastStatement":28,"seen":{"s:12:37:12:Infinity":0,"s:13:41:13:Infinity":1,"s:14:20:14:Infinity":2,"f:18:2:18:16":0,"s:19:4:19:Infinity":3,"s:20:4:20:Infinity":4,"f:24:2:24:13":1,"s:25:4:25:Infinity":5,"s:26:4:26:Infinity":6,"f:30:2:30:28":2,"s:31:4:33:Infinity":7,"f:31:20:31:21":3,"s:32:6:32:Infinity":8,"s:34:4:34:Infinity":9,"f:38:2:38:8":4,"b:39:4:39:Infinity:undefined:undefined:undefined:undefined":0,"s:39:4:39:Infinity":10,"s:39:23:39:Infinity":11,"s:41:34:45:Infinity":12,"s:47:4:47:Infinity":13,"s:48:4:54:Infinity":14,"s:49:6:53:Infinity":15,"s:50:8:50:Infinity":16,"f:58:2:58:17":5,"s:59:4:59:Infinity":17,"f:63:2:63:13":6,"s:64:4:64:Infinity":18,"f:68:2:68:17":7,"s:69:4:69:Infinity":19,"f:73:2:73:31":8,"s:74:4:74:Infinity":20,"f:78:2:78:25":9,"s:79:4:79:Infinity":21,"f:83:2:83:41":10,"s:84:4:84:Infinity":22,"f:88:2:88:16":11,"s:89:4:89:Infinity":23,"f:89:30:89:35":12,"s:89:35:89:50":24,"f:93:2:93:13":13,"s:94:4:94:Infinity":25,"s:95:4:95:Infinity":26,"b:95:50:95:62:95:62:95:72":1,"f:99:2:99:16":14,"s:100:4:100:Infinity":27}}}
,"C:\\Users\\pedro\\Desktop\\Code\\clik\\packages\\clik-engine\\src\\assets\\ManifestValidator.ts": {"path":"C:\\Users\\pedro\\Desktop\\Code\\clik\\packages\\clik-engine\\src\\assets\\ManifestValidator.ts","statementMap":{"0":{"start":{"line":22,"column":27},"end":{"line":22,"column":null}},"1":{"start":{"line":23,"column":29},"end":{"line":23,"column":null}},"2":{"start":{"line":24,"column":28},"end":{"line":24,"column":null}},"3":{"start":{"line":25,"column":35},"end":{"line":25,"column":null}},"4":{"start":{"line":27,"column":71},"end":{"line":31,"column":null}},"5":{"start":{"line":33,"column":2},"end":{"line":71,"column":null}},"6":{"start":{"line":34,"column":4},"end":{"line":34,"column":null}},"7":{"start":{"line":34,"column":23},"end":{"line":34,"column":null}},"8":{"start":{"line":35,"column":4},"end":{"line":70,"column":null}},"9":{"start":{"line":36,"column":6},"end":{"line":36,"column":null}},"10":{"start":{"line":37,"column":6},"end":{"line":37,"column":null}},"11":{"start":{"line":40,"column":6},"end":{"line":42,"column":null}},"12":{"start":{"line":41,"column":8},"end":{"line":41,"column":null}},"13":{"start":{"line":43,"column":6},"end":{"line":45,"column":null}},"14":{"start":{"line":44,"column":8},"end":{"line":44,"column":null}},"15":{"start":{"line":46,"column":6},"end":{"line":48,"column":null}},"16":{"start":{"line":47,"column":8},"end":{"line":47,"column":null}},"17":{"start":{"line":51,"column":25},"end":{"line":51,"column":null}},"18":{"start":{"line":52,"column":6},"end":{"line":54,"column":null}},"19":{"start":{"line":53,"column":8},"end":{"line":53,"column":null}},"20":{"start":{"line":57,"column":6},"end":{"line":59,"column":null}},"21":{"start":{"line":58,"column":8},"end":{"line":58,"column":null}},"22":{"start":{"line":62,"column":6},"end":{"line":64,"column":null}},"23":{"start":{"line":63,"column":8},"end":{"line":63,"column":null}},"24":{"start":{"line":67,"column":6},"end":{"line":69,"column":null}},"25":{"start":{"line":68,"column":8},"end":{"line":68,"column":null}},"26":{"start":{"line":74,"column":15},"end":{"line":74,"column":null}},"27":{"start":{"line":75,"column":31},"end":{"line":75,"column":null}},"28":{"start":{"line":76,"column":2},"end":{"line":79,"column":null}},"29":{"start":{"line":77,"column":4},"end":{"line":77,"column":null}},"30":{"start":{"line":77,"column":23},"end":{"line":77,"column":null}},"31":{"start":{"line":78,"column":4},"end":{"line":78,"column":null}},"32":{"start":{"line":80,"column":2},"end":{"line":82,"column":null}},"33":{"start":{"line":81,"column":4},"end":{"line":81,"column":null}},"34":{"start":{"line":85,"column":2},"end":{"line":87,"column":null}},"35":{"start":{"line":86,"column":4},"end":{"line":86,"column":null}},"36":{"start":{"line":89,"column":35},"end":{"line":100,"column":null}},"37":{"start":{"line":103,"column":2},"end":{"line":105,"column":null}},"38":{"start":{"line":104,"column":4},"end":{"line":104,"column":null}},"39":{"start":{"line":104,"column":28},"end":{"line":104,"column":null}},"40":{"start":{"line":106,"column":2},"end":{"line":108,"column":null}},"41":{"start":{"line":107,"column":4},"end":{"line":107,"column":null}},"42":{"start":{"line":107,"column":30},"end":{"line":107,"column":null}},"43":{"start":{"line":109,"column":2},"end":{"line":111,"column":null}},"44":{"start":{"line":110,"column":4},"end":{"line":110,"column":null}},"45":{"start":{"line":113,"column":2},"end":{"line":113,"column":null}}},"fnMap":{"0":{"name":"validateManifest","decl":{"start":{"line":21,"column":16},"end":{"line":21,"column":33}},"loc":{"start":{"line":21,"column":76},"end":{"line":114,"column":null}},"line":21}},"branchMap":{"0":{"loc":{"start":{"line":34,"column":4},"end":{"line":34,"column":null}},"type":"if","locations":[{"start":{"line":34,"column":4},"end":{"line":34,"column":null}},{"start":{},"end":{}}],"line":34},"1":{"loc":{"start":{"line":40,"column":6},"end":{"line":42,"column":null}},"type":"if","locations":[{"start":{"line":40,"column":6},"end":{"line":42,"column":null}},{"start":{},"end":{}}],"line":40},"2":{"loc":{"start":{"line":43,"column":6},"end":{"line":45,"column":null}},"type":"if","locations":[{"start":{"line":43,"column":6},"end":{"line":45,"column":null}},{"start":{},"end":{}}],"line":43},"3":{"loc":{"start":{"line":46,"column":6},"end":{"line":48,"column":null}},"type":"if","locations":[{"start":{"line":46,"column":6},"end":{"line":48,"column":null}},{"start":{},"end":{}}],"line":46},"4":{"loc":{"start":{"line":52,"column":6},"end":{"line":54,"column":null}},"type":"if","locations":[{"start":{"line":52,"column":6},"end":{"line":54,"column":null}},{"start":{},"end":{}}],"line":52},"5":{"loc":{"start":{"line":52,"column":10},"end":{"line":52,"column":58}},"type":"binary-expr","locations":[{"start":{"line":52,"column":10},"end":{"line":52,"column":24}},{"start":{"line":52,"column":24},"end":{"line":52,"column":58}}],"line":52},"6":{"loc":{"start":{"line":57,"column":6},"end":{"line":59,"column":null}},"type":"if","locations":[{"start":{"line":57,"column":6},"end":{"line":59,"column":null}},{"start":{},"end":{}}],"line":57},"7":{"loc":{"start":{"line":57,"column":10},"end":{"line":57,"column":54}},"type":"binary-expr","locations":[{"start":{"line":57,"column":10},"end":{"line":57,"column":36}},{"start":{"line":57,"column":36},"end":{"line":57,"column":54}}],"line":57},"8":{"loc":{"start":{"line":62,"column":6},"end":{"line":64,"column":null}},"type":"if","locations":[{"start":{"line":62,"column":6},"end":{"line":64,"column":null}},{"start":{},"end":{}}],"line":62},"9":{"loc":{"start":{"line":62,"column":10},"end":{"line":62,"column":62}},"type":"binary-expr","locations":[{"start":{"line":62,"column":10},"end":{"line":62,"column":42}},{"start":{"line":62,"column":42},"end":{"line":62,"column":62}}],"line":62},"10":{"loc":{"start":{"line":67,"column":6},"end":{"line":69,"column":null}},"type":"if","locations":[{"start":{"line":67,"column":6},"end":{"line":69,"column":null}},{"start":{},"end":{}}],"line":67},"11":{"loc":{"start":{"line":67,"column":10},"end":{"line":67,"column":68}},"type":"binary-expr","locations":[{"start":{"line":67,"column":10},"end":{"line":67,"column":36}},{"start":{"line":67,"column":36},"end":{"line":67,"column":68}}],"line":67},"12":{"loc":{"start":{"line":77,"column":4},"end":{"line":77,"column":null}},"type":"if","locations":[{"start":{"line":77,"column":4},"end":{"line":77,"column":null}},{"start":{},"end":{}}],"line":77},"13":{"loc":{"start":{"line":80,"column":2},"end":{"line":82,"column":null}},"type":"if","locations":[{"start":{"line":80,"column":2},"end":{"line":82,"column":null}},{"start":{},"end":{}}],"line":80},"14":{"loc":{"start":{"line":85,"column":2},"end":{"line":87,"column":null}},"type":"if","locations":[{"start":{"line":85,"column":2},"end":{"line":87,"column":null}},{"start":{},"end":{}}],"line":85},"15":{"loc":{"start":{"line":85,"column":6},"end":{"line":85,"column":50}},"type":"binary-expr","locations":[{"start":{"line":85,"column":6},"end":{"line":85,"column":23}},{"start":{"line":85,"column":23},"end":{"line":85,"column":50}}],"line":85},"16":{"loc":{"start":{"line":95,"column":12},"end":{"line":95,"column":null}},"type":"binary-expr","locations":[{"start":{"line":95,"column":12},"end":{"line":95,"column":37}},{"start":{"line":95,"column":37},"end":{"line":95,"column":null}}],"line":95},"17":{"loc":{"start":{"line":96,"column":12},"end":{"line":96,"column":null}},"type":"binary-expr","locations":[{"start":{"line":96,"column":12},"end":{"line":96,"column":37}},{"start":{"line":96,"column":37},"end":{"line":96,"column":null}}],"line":96},"18":{"loc":{"start":{"line":97,"column":16},"end":{"line":97,"column":null}},"type":"binary-expr","locations":[{"start":{"line":97,"column":16},"end":{"line":97,"column":45}},{"start":{"line":97,"column":45},"end":{"line":97,"column":null}}],"line":97},"19":{"loc":{"start":{"line":103,"column":2},"end":{"line":105,"column":null}},"type":"if","locations":[{"start":{"line":103,"column":2},"end":{"line":105,"column":null}},{"start":{},"end":{}}],"line":103},"20":{"loc":{"start":{"line":106,"column":2},"end":{"line":108,"column":null}},"type":"if","locations":[{"start":{"line":106,"column":2},"end":{"line":108,"column":null}},{"start":{},"end":{}}],"line":106},"21":{"loc":{"start":{"line":109,"column":2},"end":{"line":111,"column":null}},"type":"if","locations":[{"start":{"line":109,"column":2},"end":{"line":111,"column":null}},{"start":{},"end":{}}],"line":109}},"s":{"0":9,"1":9,"2":9,"3":9,"4":9,"5":9,"6":27,"7":15,"8":12,"9":27,"10":27,"11":27,"12":1,"13":27,"14":0,"15":27,"16":0,"17":27,"18":27,"19":1,"20":27,"21":1,"22":27,"23":0,"24":27,"25":1,"26":9,"27":9,"28":9,"29":27,"30":1,"31":27,"32":9,"33":1,"34":9,"35":1,"36":9,"37":9,"38":3,"39":3,"40":9,"41":3,"42":3,"43":9,"44":6,"45":9},"f":{"0":9},"b":{"0":[15,12],"1":[1,26],"2":[0,27],"3":[0,27],"4":[1,26],"5":[27,27],"6":[1,26],"7":[27,1],"8":[0,27],"9":[27,0],"10":[1,26],"11":[27,2],"12":[1,26],"13":[1,8],"14":[1,8],"15":[9,4],"16":[9,5],"17":[9,2],"18":[9,8],"19":[3,6],"20":[3,6],"21":[6,3]},"meta":{"lastBranch":22,"lastFunction":1,"lastStatement":46,"seen":{"f:21:16:21:33":0,"s:22:27:22:Infinity":0,"s:23:29:23:Infinity":1,"s:24:28:24:Infinity":2,"s:25:35:25:Infinity":3,"s:27:71:31:Infinity":4,"s:33:2:71:Infinity":5,"b:34:4:34:Infinity:undefined:undefined:undefined:undefined":0,"s:34:4:34:Infinity":6,"s:34:23:34:Infinity":7,"s:35:4:70:Infinity":8,"s:36:6:36:Infinity":9,"s:37:6:37:Infinity":10,"b:40:6:42:Infinity:undefined:undefined:undefined:undefined":1,"s:40:6:42:Infinity":11,"s:41:8:41:Infinity":12,"b:43:6:45:Infinity:undefined:undefined:undefined:undefined":2,"s:43:6:45:Infinity":13,"s:44:8:44:Infinity":14,"b:46:6:48:Infinity:undefined:undefined:undefined:undefined":3,"s:46:6:48:Infinity":15,"s:47:8:47:Infinity":16,"s:51:25:51:Infinity":17,"b:52:6:54:Infinity:undefined:undefined:undefined:undefined":4,"s:52:6:54:Infinity":18,"b:52:10:52:24:52:24:52:58":5,"s:53:8:53:Infinity":19,"b:57:6:59:Infinity:undefined:undefined:undefined:undefined":6,"s:57:6:59:Infinity":20,"b:57:10:57:36:57:36:57:54":7,"s:58:8:58:Infinity":21,"b:62:6:64:Infinity:undefined:undefined:undefined:undefined":8,"s:62:6:64:Infinity":22,"b:62:10:62:42:62:42:62:62":9,"s:63:8:63:Infinity":23,"b:67:6:69:Infinity:undefined:undefined:undefined:undefined":10,"s:67:6:69:Infinity":24,"b:67:10:67:36:67:36:67:68":11,"s:68:8:68:Infinity":25,"s:74:15:74:Infinity":26,"s:75:31:75:Infinity":27,"s:76:2:79:Infinity":28,"b:77:4:77:Infinity:undefined:undefined:undefined:undefined":12,"s:77:4:77:Infinity":29,"s:77:23:77:Infinity":30,"s:78:4:78:Infinity":31,"b:80:2:82:Infinity:undefined:undefined:undefined:undefined":13,"s:80:2:82:Infinity":32,"s:81:4:81:Infinity":33,"b:85:2:87:Infinity:undefined:undefined:undefined:undefined":14,"s:85:2:87:Infinity":34,"b:85:6:85:23:85:23:85:50":15,"s:86:4:86:Infinity":35,"s:89:35:100:Infinity":36,"b:95:12:95:37:95:37:95:Infinity":16,"b:96:12:96:37:96:37:96:Infinity":17,"b:97:16:97:45:97:45:97:Infinity":18,"b:103:2:105:Infinity:undefined:undefined:undefined:undefined":19,"s:103:2:105:Infinity":37,"s:104:4:104:Infinity":38,"s:104:28:104:Infinity":39,"b:106:2:108:Infinity:undefined:undefined:undefined:undefined":20,"s:106:2:108:Infinity":40,"s:107:4:107:Infinity":41,"s:107:30:107:Infinity":42,"b:109:2:111:Infinity:undefined:undefined:undefined:undefined":21,"s:109:2:111:Infinity":43,"s:110:4:110:Infinity":44,"s:113:2:113:Infinity":45}}}
,"C:\\Users\\pedro\\Desktop\\Code\\clik\\packages\\clik-engine\\src\\audio\\AudioManager.ts": {"path":"C:\\Users\\pedro\\Desktop\\Code\\clik\\packages\\clik-engine\\src\\audio\\AudioManager.ts","statementMap":{"0":{"start":{"line":8,"column":24},"end":{"line":8,"column":null}},"1":{"start":{"line":9,"column":22},"end":{"line":9,"column":null}},"2":{"start":{"line":10,"column":56},"end":{"line":10,"column":null}},"3":{"start":{"line":11,"column":28},"end":{"line":11,"column":null}},"4":{"start":{"line":12,"column":18},"end":{"line":12,"column":null}},"5":{"start":{"line":13,"column":23},"end":{"line":13,"column":null}},"6":{"start":{"line":14,"column":21},"end":{"line":14,"column":null}},"7":{"start":{"line":15,"column":21},"end":{"line":15,"column":null}},"8":{"start":{"line":16,"column":48},"end":{"line":16,"column":null}},"9":{"start":{"line":17,"column":53},"end":{"line":17,"column":null}},"10":{"start":{"line":35,"column":47},"end":{"line":35,"column":null}},"11":{"start":{"line":21,"column":4},"end":{"line":23,"column":null}},"12":{"start":{"line":22,"column":6},"end":{"line":22,"column":null}},"13":{"start":{"line":24,"column":4},"end":{"line":24,"column":null}},"14":{"start":{"line":29,"column":4},"end":{"line":31,"column":null}},"15":{"start":{"line":30,"column":6},"end":{"line":30,"column":null}},"16":{"start":{"line":32,"column":4},"end":{"line":32,"column":null}},"17":{"start":{"line":38,"column":4},"end":{"line":38,"column":null}},"18":{"start":{"line":39,"column":17},"end":{"line":39,"column":null}},"19":{"start":{"line":41,"column":4},"end":{"line":49,"column":null}},"20":{"start":{"line":42,"column":6},"end":{"line":45,"column":null}},"21":{"start":{"line":43,"column":8},"end":{"line":43,"column":null}},"22":{"start":{"line":44,"column":8},"end":{"line":44,"column":null}},"23":{"start":{"line":46,"column":6},"end":{"line":46,"column":null}},"24":{"start":{"line":48,"column":6},"end":{"line":48,"column":null}},"25":{"start":{"line":58,"column":10},"end":{"line":58,"column":null}},"26":{"start":{"line":61,"column":4},"end":{"line":75,"column":null}},"27":{"start":{"line":62,"column":23},"end":{"line":62,"column":null}},"28":{"start":{"line":63,"column":6},"end":{"line":71,"column":null}},"29":{"start":{"line":68,"column":10},"end":{"line":68,"column":null}},"30":{"start":{"line":69,"column":10},"end":{"line":69,"column":null}},"31":{"start":{"line":72,"column":4},"end":{"line":75,"column":null}},"32":{"start":{"line":73,"column":6},"end":{"line":73,"column":null}},"33":{"start":{"line":74,"column":6},"end":{"line":74,"column":null}},"34":{"start":{"line":77,"column":23},"end":{"line":77,"column":null}},"35":{"start":{"line":78,"column":4},"end":{"line":81,"column":null}},"36":{"start":{"line":82,"column":4},"end":{"line":82,"column":null}},"37":{"start":{"line":83,"column":4},"end":{"line":83,"column":null}},"38":{"start":{"line":86,"column":4},"end":{"line":94,"column":null}},"39":{"start":{"line":87,"column":18},"end":{"line":87,"column":null}},"40":{"start":{"line":88,"column":6},"end":{"line":93,"column":null}},"41":{"start":{"line":89,"column":8},"end":{"line":89,"column":null}},"42":{"start":{"line":90,"column":8},"end":{"line":92,"column":null}},"43":{"start":{"line":91,"column":10},"end":{"line":91,"column":null}},"44":{"start":{"line":96,"column":4},"end":{"line":102,"column":null}},"45":{"start":{"line":97,"column":6},"end":{"line":101,"column":null}},"46":{"start":{"line":104,"column":4},"end":{"line":104,"column":null}},"47":{"start":{"line":108,"column":4},"end":{"line":108,"column":null}},"48":{"start":{"line":108,"column":28},"end":{"line":108,"column":null}},"49":{"start":{"line":110,"column":4},"end":{"line":124,"column":null}},"50":{"start":{"line":111,"column":20},"end":{"line":111,"column":null}},"51":{"start":{"line":112,"column":6},"end":{"line":120,"column":null}},"52":{"start":{"line":117,"column":10},"end":{"line":117,"column":null}},"53":{"start":{"line":118,"column":10},"end":{"line":118,"column":null}},"54":{"start":{"line":122,"column":6},"end":{"line":122,"column":null}},"55":{"start":{"line":123,"column":6},"end":{"line":123,"column":null}},"56":{"start":{"line":126,"column":4},"end":{"line":126,"column":null}},"57":{"start":{"line":127,"column":4},"end":{"line":127,"column":null}},"58":{"start":{"line":128,"column":4},"end":{"line":128,"column":null}},"59":{"start":{"line":137,"column":4},"end":{"line":139,"column":null}},"60":{"start":{"line":138,"column":6},"end":{"line":138,"column":null}},"61":{"start":{"line":141,"column":10},"end":{"line":141,"column":null}},"62":{"start":{"line":142,"column":18},"end":{"line":146,"column":null}},"63":{"start":{"line":147,"column":4},"end":{"line":147,"column":null}},"64":{"start":{"line":148,"column":4},"end":{"line":148,"column":null}},"65":{"start":{"line":149,"column":4},"end":{"line":149,"column":null}},"66":{"start":{"line":153,"column":4},"end":{"line":153,"column":null}},"67":{"start":{"line":154,"column":4},"end":{"line":156,"column":null}},"68":{"start":{"line":155,"column":7},"end":{"line":155,"column":null}},"69":{"start":{"line":160,"column":4},"end":{"line":160,"column":null}},"70":{"start":{"line":163,"column":29},"end":{"line":163,"column":54}},"71":{"start":{"line":164,"column":27},"end":{"line":164,"column":50}},"72":{"start":{"line":167,"column":4},"end":{"line":167,"column":null}},"73":{"start":{"line":168,"column":4},"end":{"line":168,"column":null}},"74":{"start":{"line":169,"column":4},"end":{"line":169,"column":null}},"75":{"start":{"line":170,"column":4},"end":{"line":170,"column":null}},"76":{"start":{"line":174,"column":4},"end":{"line":174,"column":null}},"77":{"start":{"line":175,"column":4},"end":{"line":177,"column":null}},"78":{"start":{"line":176,"column":7},"end":{"line":176,"column":null}},"79":{"start":{"line":181,"column":4},"end":{"line":181,"column":null}},"80":{"start":{"line":184,"column":23},"end":{"line":184,"column":42}},"81":{"start":{"line":185,"column":28},"end":{"line":185,"column":52}},"82":{"start":{"line":186,"column":26},"end":{"line":186,"column":48}},"83":{"start":{"line":189,"column":4},"end":{"line":189,"column":null}},"84":{"start":{"line":194,"column":4},"end":{"line":197,"column":null}},"85":{"start":{"line":195,"column":6},"end":{"line":195,"column":null}},"86":{"start":{"line":196,"column":6},"end":{"line":196,"column":null}},"87":{"start":{"line":198,"column":4},"end":{"line":203,"column":null}},"88":{"start":{"line":199,"column":6},"end":{"line":199,"column":null}},"89":{"start":{"line":200,"column":6},"end":{"line":200,"column":null}},"90":{"start":{"line":201,"column":6},"end":{"line":201,"column":null}},"91":{"start":{"line":202,"column":6},"end":{"line":202,"column":null}},"92":{"start":{"line":204,"column":4},"end":{"line":204,"column":null}},"93":{"start":{"line":205,"column":4},"end":{"line":205,"column":null}}},"fnMap":{"0":{"name":"(anonymous_0)","decl":{"start":{"line":20,"column":6},"end":{"line":20,"column":36}},"loc":{"start":{"line":20,"column":36},"end":{"line":25,"column":null}},"line":20},"1":{"name":"(anonymous_1)","decl":{"start":{"line":28,"column":6},"end":{"line":28,"column":41}},"loc":{"start":{"line":28,"column":41},"end":{"line":33,"column":null}},"line":28},"2":{"name":"(anonymous_2)","decl":{"start":{"line":37,"column":2},"end":{"line":37,"column":14}},"loc":{"start":{"line":37,"column":35},"end":{"line":50,"column":null}},"line":37},"3":{"name":"(anonymous_3)","decl":{"start":{"line":42,"column":27},"end":{"line":42,"column":33}},"loc":{"start":{"line":42,"column":33},"end":{"line":45,"column":null}},"line":42},"4":{"name":"(anonymous_4)","decl":{"start":{"line":52,"column":2},"end":{"line":52,"column":12}},"loc":{"start":{"line":57,"column":11},"end":{"line":105,"column":null}},"line":57},"5":{"name":"(anonymous_5)","decl":{"start":{"line":67,"column":20},"end":{"line":67,"column":26}},"loc":{"start":{"line":67,"column":26},"end":{"line":70,"column":null}},"line":67},"6":{"name":"(anonymous_6)","decl":{"start":{"line":88,"column":39},"end":{"line":88,"column":45}},"loc":{"start":{"line":88,"column":45},"end":{"line":93,"column":7}},"line":88},"7":{"name":"(anonymous_7)","decl":{"start":{"line":107,"column":2},"end":{"line":107,"column":12}},"loc":{"start":{"line":107,"column":36},"end":{"line":129,"column":null}},"line":107},"8":{"name":"(anonymous_8)","decl":{"start":{"line":116,"column":20},"end":{"line":116,"column":26}},"loc":{"start":{"line":116,"column":26},"end":{"line":119,"column":null}},"line":116},"9":{"name":"(anonymous_9)","decl":{"start":{"line":131,"column":2},"end":{"line":131,"column":10}},"loc":{"start":{"line":136,"column":29},"end":{"line":150,"column":null}},"line":136},"10":{"name":"(anonymous_10)","decl":{"start":{"line":152,"column":2},"end":{"line":152,"column":17}},"loc":{"start":{"line":152,"column":39},"end":{"line":157,"column":null}},"line":152},"11":{"name":"(anonymous_11)","decl":{"start":{"line":159,"column":2},"end":{"line":159,"column":15}},"loc":{"start":{"line":159,"column":37},"end":{"line":161,"column":null}},"line":159},"12":{"name":"(anonymous_12)","decl":{"start":{"line":163,"column":2},"end":{"line":163,"column":27}},"loc":{"start":{"line":163,"column":27},"end":{"line":163,"column":null}},"line":163},"13":{"name":"(anonymous_13)","decl":{"start":{"line":164,"column":2},"end":{"line":164,"column":25}},"loc":{"start":{"line":164,"column":25},"end":{"line":164,"column":null}},"line":164},"14":{"name":"(anonymous_14)","decl":{"start":{"line":166,"column":2},"end":{"line":166,"column":24}},"loc":{"start":{"line":166,"column":24},"end":{"line":171,"column":null}},"line":166},"15":{"name":"(anonymous_15)","decl":{"start":{"line":173,"column":2},"end":{"line":173,"column":12}},"loc":{"start":{"line":173,"column":31},"end":{"line":178,"column":null}},"line":173},"16":{"name":"(anonymous_16)","decl":{"start":{"line":180,"column":2},"end":{"line":180,"column":10}},"loc":{"start":{"line":180,"column":29},"end":{"line":182,"column":null}},"line":180},"17":{"name":"(anonymous_17)","decl":{"start":{"line":184,"column":2},"end":{"line":184,"column":21}},"loc":{"start":{"line":184,"column":21},"end":{"line":184,"column":null}},"line":184},"18":{"name":"(anonymous_18)","decl":{"start":{"line":185,"column":2},"end":{"line":185,"column":26}},"loc":{"start":{"line":185,"column":26},"end":{"line":185,"column":null}},"line":185},"19":{"name":"(anonymous_19)","decl":{"start":{"line":186,"column":2},"end":{"line":186,"column":24}},"loc":{"start":{"line":186,"column":24},"end":{"line":186,"column":null}},"line":186},"20":{"name":"(anonymous_20)","decl":{"start":{"line":188,"column":2},"end":{"line":188,"column":23}},"loc":{"start":{"line":188,"column":23},"end":{"line":190,"column":null}},"line":188},"21":{"name":"(anonymous_21)","decl":{"start":{"line":193,"column":2},"end":{"line":193,"column":18}},"loc":{"start":{"line":193,"column":18},"end":{"line":206,"column":null}},"line":193}},"branchMap":{"0":{"loc":{"start":{"line":21,"column":4},"end":{"line":23,"column":null}},"type":"if","locations":[{"start":{"line":21,"column":4},"end":{"line":23,"column":null}},{"start":{},"end":{}}],"line":21},"1":{"loc":{"start":{"line":29,"column":4},"end":{"line":31,"column":null}},"type":"if","locations":[{"start":{"line":29,"column":4},"end":{"line":31,"column":null}},{"start":{},"end":{}}],"line":29},"2":{"loc":{"start":{"line":41,"column":4},"end":{"line":49,"column":null}},"type":"if","locations":[{"start":{"line":41,"column":4},"end":{"line":49,"column":null}},{"start":{"line":47,"column":11},"end":{"line":49,"column":null}}],"line":41},"3":{"loc":{"start":{"line":58,"column":20},"end":{"line":58,"column":43}},"type":"binary-expr","locations":[{"start":{"line":58,"column":20},"end":{"line":58,"column":38}},{"start":{"line":58,"column":38},"end":{"line":58,"column":43}}],"line":58},"4":{"loc":{"start":{"line":61,"column":4},"end":{"line":75,"column":null}},"type":"if","locations":[{"start":{"line":61,"column":4},"end":{"line":75,"column":null}},{"start":{"line":72,"column":4},"end":{"line":75,"column":null}}],"line":61},"5":{"loc":{"start":{"line":61,"column":8},"end":{"line":61,"column":59}},"type":"binary-expr","locations":[{"start":{"line":61,"column":8},"end":{"line":61,"column":29}},{"start":{"line":61,"column":29},"end":{"line":61,"column":59}}],"line":61},"6":{"loc":{"start":{"line":66,"column":18},"end":{"line":66,"column":null}},"type":"cond-expr","locations":[{"start":{"line":66,"column":35},"end":{"line":66,"column":55}},{"start":{"line":66,"column":55},"end":{"line":66,"column":null}}],"line":66},"7":{"loc":{"start":{"line":72,"column":4},"end":{"line":75,"column":null}},"type":"if","locations":[{"start":{"line":72,"column":4},"end":{"line":75,"column":null}},{"start":{},"end":{}}],"line":72},"8":{"loc":{"start":{"line":77,"column":23},"end":{"line":77,"column":null}},"type":"cond-expr","locations":[{"start":{"line":77,"column":58},"end":{"line":77,"column":82}},{"start":{"line":77,"column":82},"end":{"line":77,"column":null}}],"line":77},"9":{"loc":{"start":{"line":77,"column":58},"end":{"line":77,"column":82}},"type":"binary-expr","locations":[{"start":{"line":77,"column":58},"end":{"line":77,"column":74}},{"start":{"line":77,"column":74},"end":{"line":77,"column":82}}],"line":77},"10":{"loc":{"start":{"line":80,"column":14},"end":{"line":80,"column":null}},"type":"cond-expr","locations":[{"start":{"line":80,"column":31},"end":{"line":80,"column":35}},{"start":{"line":80,"column":35},"end":{"line":80,"column":null}}],"line":80},"11":{"loc":{"start":{"line":86,"column":4},"end":{"line":94,"column":null}},"type":"if","locations":[{"start":{"line":86,"column":4},"end":{"line":94,"column":null}},{"start":{},"end":{}}],"line":86},"12":{"loc":{"start":{"line":86,"column":8},"end":{"line":86,"column":51}},"type":"binary-expr","locations":[{"start":{"line":86,"column":8},"end":{"line":86,"column":29}},{"start":{"line":86,"column":29},"end":{"line":86,"column":51}}],"line":86},"13":{"loc":{"start":{"line":90,"column":8},"end":{"line":92,"column":null}},"type":"if","locations":[{"start":{"line":90,"column":8},"end":{"line":92,"column":null}},{"start":{},"end":{}}],"line":90},"14":{"loc":{"start":{"line":96,"column":4},"end":{"line":102,"column":null}},"type":"if","locations":[{"start":{"line":96,"column":4},"end":{"line":102,"column":null}},{"start":{},"end":{}}],"line":96},"15":{"loc":{"start":{"line":108,"column":4},"end":{"line":108,"column":null}},"type":"if","locations":[{"start":{"line":108,"column":4},"end":{"line":108,"column":null}},{"start":{},"end":{}}],"line":108},"16":{"loc":{"start":{"line":110,"column":4},"end":{"line":124,"column":null}},"type":"if","locations":[{"start":{"line":110,"column":4},"end":{"line":124,"column":null}},{"start":{"line":121,"column":11},"end":{"line":124,"column":null}}],"line":110},"17":{"loc":{"start":{"line":137,"column":4},"end":{"line":139,"column":null}},"type":"if","locations":[{"start":{"line":137,"column":4},"end":{"line":139,"column":null}},{"start":{},"end":{}}],"line":137},"18":{"loc":{"start":{"line":141,"column":20},"end":{"line":141,"column":43}},"type":"binary-expr","locations":[{"start":{"line":141,"column":20},"end":{"line":141,"column":38}},{"start":{"line":141,"column":38},"end":{"line":141,"column":43}}],"line":141},"19":{"loc":{"start":{"line":154,"column":4},"end":{"line":156,"column":null}},"type":"if","locations":[{"start":{"line":154,"column":4},"end":{"line":156,"column":null}},{"start":{},"end":{}}],"line":154},"20":{"loc":{"start":{"line":154,"column":8},"end":{"line":154,"column":60}},"type":"binary-expr","locations":[{"start":{"line":154,"column":8},"end":{"line":154,"column":29}},{"start":{"line":154,"column":29},"end":{"line":154,"column":60}}],"line":154},"21":{"loc":{"start":{"line":173,"column":12},"end":{"line":173,"column":31}},"type":"default-arg","locations":[{"start":{"line":173,"column":19},"end":{"line":173,"column":31}}],"line":173},"22":{"loc":{"start":{"line":175,"column":4},"end":{"line":177,"column":null}},"type":"if","locations":[{"start":{"line":175,"column":4},"end":{"line":177,"column":null}},{"start":{},"end":{}}],"line":175},"23":{"loc":{"start":{"line":175,"column":8},"end":{"line":175,"column":60}},"type":"binary-expr","locations":[{"start":{"line":175,"column":8},"end":{"line":175,"column":29}},{"start":{"line":175,"column":29},"end":{"line":175,"column":60}}],"line":175},"24":{"loc":{"start":{"line":176,"column":65},"end":{"line":176,"column":null}},"type":"cond-expr","locations":[{"start":{"line":176,"column":72},"end":{"line":176,"column":76}},{"start":{"line":176,"column":76},"end":{"line":176,"column":null}}],"line":176},"25":{"loc":{"start":{"line":180,"column":10},"end":{"line":180,"column":29}},"type":"default-arg","locations":[{"start":{"line":180,"column":17},"end":{"line":180,"column":29}}],"line":180},"26":{"loc":{"start":{"line":189,"column":11},"end":{"line":189,"column":null}},"type":"binary-expr","locations":[{"start":{"line":189,"column":11},"end":{"line":189,"column":43}},{"start":{"line":189,"column":43},"end":{"line":189,"column":null}}],"line":189},"27":{"loc":{"start":{"line":194,"column":4},"end":{"line":197,"column":null}},"type":"if","locations":[{"start":{"line":194,"column":4},"end":{"line":197,"column":null}},{"start":{},"end":{}}],"line":194},"28":{"loc":{"start":{"line":198,"column":4},"end":{"line":203,"column":null}},"type":"if","locations":[{"start":{"line":198,"column":4},"end":{"line":203,"column":null}},{"start":{},"end":{}}],"line":198}},"s":{"0":18,"1":18,"2":18,"3":18,"4":18,"5":18,"6":18,"7":18,"8":18,"9":18,"10":18,"11":0,"12":0,"13":0,"14":0,"15":0,"16":0,"17":18,"18":18,"19":18,"20":1,"21":0,"22":0,"23":1,"24":17,"25":5,"26":5,"27":0,"28":0,"29":0,"30":0,"31":5,"32":1,"33":1,"34":5,"35":5,"36":5,"37":5,"38":5,"39":0,"40":0,"41":0,"42":0,"43":0,"44":5,"45":0,"46":5,"47":1,"48":0,"49":1,"50":0,"51":0,"52":0,"53":0,"54":1,"55":1,"56":1,"57":1,"58":1,"59":2,"60":1,"61":1,"62":2,"63":2,"64":2,"65":2,"66":3,"67":3,"68":0,"69":1,"70":4,"71":2,"72":2,"73":2,"74":2,"75":2,"76":2,"77":2,"78":0,"79":2,"80":2,"81":3,"82":3,"83":1,"84":1,"85":0,"86":0,"87":1,"88":1,"89":1,"90":1,"91":1,"92":1,"93":1},"f":{"0":0,"1":0,"2":18,"3":0,"4":5,"5":0,"6":0,"7":1,"8":0,"9":2,"10":3,"11":1,"12":4,"13":2,"14":2,"15":2,"16":2,"17":2,"18":3,"19":3,"20":1,"21":1},"b":{"0":[0,0],"1":[0,0],"2":[1,17],"3":[5,5],"4":[0,5],"5":[5,1],"6":[0,0],"7":[1,4],"8":[5,0],"9":[5,5],"10":[0,5],"11":[0,5],"12":[5,0],"13":[0,0],"14":[0,5],"15":[0,1],"16":[0,1],"17":[1,1],"18":[1,1],"19":[0,3],"20":[3,0],"21":[2],"22":[0,2],"23":[2,0],"24":[0,0],"25":[2],"26":[1,1],"27":[0,1],"28":[1,0]},"meta":{"lastBranch":29,"lastFunction":22,"lastStatement":94,"seen":{"s:8:24:8:Infinity":0,"s:9:22:9:Infinity":1,"s:10:56:10:Infinity":2,"s:11:28:11:Infinity":3,"s:12:18:12:Infinity":4,"s:13:23:13:Infinity":5,"s:14:21:14:Infinity":6,"s:15:21:15:Infinity":7,"s:16:48:16:Infinity":8,"s:17:53:17:Infinity":9,"s:35:47:35:Infinity":10,"f:20:6:20:36":0,"b:21:4:23:Infinity:undefined:undefined:undefined:undefined":0,"s:21:4:23:Infinity":11,"s:22:6:22:Infinity":12,"s:24:4:24:Infinity":13,"f:28:6:28:41":1,"b:29:4:31:Infinity:undefined:undefined:undefined:undefined":1,"s:29:4:31:Infinity":14,"s:30:6:30:Infinity":15,"s:32:4:32:Infinity":16,"f:37:2:37:14":2,"s:38:4:38:Infinity":17,"s:39:17:39:Infinity":18,"b:41:4:49:Infinity:47:11:49:Infinity":2,"s:41:4:49:Infinity":19,"s:42:6:45:Infinity":20,"f:42:27:42:33":3,"s:43:8:43:Infinity":21,"s:44:8:44:Infinity":22,"s:46:6:46:Infinity":23,"s:48:6:48:Infinity":24,"f:52:2:52:12":4,"s:58:10:58:Infinity":25,"b:58:20:58:38:58:38:58:43":3,"b:61:4:75:Infinity:72:4:75:Infinity":4,"s:61:4:75:Infinity":26,"b:61:8:61:29:61:29:61:59":5,"s:62:23:62:Infinity":27,"s:63:6:71:Infinity":28,"b:66:35:66:55:66:55:66:Infinity":6,"f:67:20:67:26":5,"s:68:10:68:Infinity":29,"s:69:10:69:Infinity":30,"b:72:4:75:Infinity:undefined:undefined:undefined:undefined":7,"s:72:4:75:Infinity":31,"s:73:6:73:Infinity":32,"s:74:6:74:Infinity":33,"s:77:23:77:Infinity":34,"b:77:58:77:82:77:82:77:Infinity":8,"b:77:58:77:74:77:74:77:82":9,"s:78:4:81:Infinity":35,"b:80:31:80:35:80:35:80:Infinity":10,"s:82:4:82:Infinity":36,"s:83:4:83:Infinity":37,"b:86:4:94:Infinity:undefined:undefined:undefined:undefined":11,"s:86:4:94:Infinity":38,"b:86:8:86:29:86:29:86:51":12,"s:87:18:87:Infinity":39,"s:88:6:93:Infinity":40,"f:88:39:88:45":6,"s:89:8:89:Infinity":41,"b:90:8:92:Infinity:undefined:undefined:undefined:undefined":13,"s:90:8:92:Infinity":42,"s:91:10:91:Infinity":43,"b:96:4:102:Infinity:undefined:undefined:undefined:undefined":14,"s:96:4:102:Infinity":44,"s:97:6:101:Infinity":45,"s:104:4:104:Infinity":46,"f:107:2:107:12":7,"b:108:4:108:Infinity:undefined:undefined:undefined:undefined":15,"s:108:4:108:Infinity":47,"s:108:28:108:Infinity":48,"b:110:4:124:Infinity:121:11:124:Infinity":16,"s:110:4:124:Infinity":49,"s:111:20:111:Infinity":50,"s:112:6:120:Infinity":51,"f:116:20:116:26":8,"s:117:10:117:Infinity":52,"s:118:10:118:Infinity":53,"s:122:6:122:Infinity":54,"s:123:6:123:Infinity":55,"s:126:4:126:Infinity":56,"s:127:4:127:Infinity":57,"s:128:4:128:Infinity":58,"f:131:2:131:10":9,"b:137:4:139:Infinity:undefined:undefined:undefined:undefined":17,"s:137:4:139:Infinity":59,"s:138:6:138:Infinity":60,"s:141:10:141:Infinity":61,"b:141:20:141:38:141:38:141:43":18,"s:142:18:146:Infinity":62,"s:147:4:147:Infinity":63,"s:148:4:148:Infinity":64,"s:149:4:149:Infinity":65,"f:152:2:152:17":10,"s:153:4:153:Infinity":66,"b:154:4:156:Infinity:undefined:undefined:undefined:undefined":19,"s:154:4:156:Infinity":67,"b:154:8:154:29:154:29:154:60":20,"s:155:7:155:Infinity":68,"f:159:2:159:15":11,"s:160:4:160:Infinity":69,"f:163:2:163:27":12,"s:163:29:163:54":70,"f:164:2:164:25":13,"s:164:27:164:50":71,"f:166:2:166:24":14,"s:167:4:167:Infinity":72,"s:168:4:168:Infinity":73,"s:169:4:169:Infinity":74,"s:170:4:170:Infinity":75,"f:173:2:173:12":15,"b:173:19:173:31":21,"s:174:4:174:Infinity":76,"b:175:4:177:Infinity:undefined:undefined:undefined:undefined":22,"s:175:4:177:Infinity":77,"b:175:8:175:29:175:29:175:60":23,"s:176:7:176:Infinity":78,"b:176:72:176:76:176:76:176:Infinity":24,"f:180:2:180:10":16,"b:180:17:180:29":25,"s:181:4:181:Infinity":79,"f:184:2:184:21":17,"s:184:23:184:42":80,"f:185:2:185:26":18,"s:185:28:185:52":81,"f:186:2:186:24":19,"s:186:26:186:48":82,"f:188:2:188:23":20,"s:189:4:189:Infinity":83,"b:189:11:189:43:189:43:189:Infinity":26,"f:193:2:193:18":21,"b:194:4:197:Infinity:undefined:undefined:undefined:undefined":27,"s:194:4:197:Infinity":84,"s:195:6:195:Infinity":85,"s:196:6:196:Infinity":86,"b:198:4:203:Infinity:undefined:undefined:undefined:undefined":28,"s:198:4:203:Infinity":87,"s:199:6:199:Infinity":88,"s:200:6:200:Infinity":89,"s:201:6:201:Infinity":90,"s:202:6:202:Infinity":91,"s:204:4:204:Infinity":92,"s:205:4:205:Infinity":93}}}
,"C:\\Users\\pedro\\Desktop\\Code\\clik\\packages\\clik-engine\\src\\audio\\ProceduralAudio.ts": {"path":"C:\\Users\\pedro\\Desktop\\Code\\clik\\packages\\clik-engine\\src\\audio\\ProceduralAudio.ts","statementMap":{"0":{"start":{"line":6,"column":37},"end":{"line":6,"column":null}},"1":{"start":{"line":7,"column":40},"end":{"line":7,"column":null}},"2":{"start":{"line":9,"column":18},"end":{"line":9,"column":null}},"3":{"start":{"line":12,"column":4},"end":{"line":12,"column":null}},"4":{"start":{"line":16,"column":4},"end":{"line":16,"column":null}},"5":{"start":{"line":16,"column":18},"end":{"line":16,"column":null}},"6":{"start":{"line":17,"column":4},"end":{"line":25,"column":null}},"7":{"start":{"line":18,"column":6},"end":{"line":18,"column":null}},"8":{"start":{"line":19,"column":6},"end":{"line":19,"column":null}},"9":{"start":{"line":20,"column":6},"end":{"line":20,"column":null}},"10":{"start":{"line":21,"column":6},"end":{"line":21,"column":null}},"11":{"start":{"line":22,"column":6},"end":{"line":22,"column":null}},"12":{"start":{"line":24,"column":6},"end":{"line":24,"column":null}},"13":{"start":{"line":29,"column":4},"end":{"line":29,"column":null}},"14":{"start":{"line":30,"column":4},"end":{"line":30,"column":null}},"15":{"start":{"line":30,"column":25},"end":{"line":30,"column":null}},"16":{"start":{"line":34,"column":4},"end":{"line":34,"column":null}},"17":{"start":{"line":35,"column":4},"end":{"line":35,"column":null}},"18":{"start":{"line":35,"column":25},"end":{"line":35,"column":null}},"19":{"start":{"line":48,"column":4},"end":{"line":48,"column":null}},"20":{"start":{"line":48,"column":64},"end":{"line":48,"column":null}},"21":{"start":{"line":50,"column":14},"end":{"line":50,"column":null}},"22":{"start":{"line":51,"column":16},"end":{"line":51,"column":null}},"23":{"start":{"line":52,"column":16},"end":{"line":52,"column":null}},"24":{"start":{"line":54,"column":16},"end":{"line":54,"column":null}},"25":{"start":{"line":55,"column":17},"end":{"line":55,"column":null}},"26":{"start":{"line":57,"column":4},"end":{"line":57,"column":null}},"27":{"start":{"line":58,"column":4},"end":{"line":58,"column":null}},"28":{"start":{"line":60,"column":4},"end":{"line":60,"column":null}},"29":{"start":{"line":61,"column":4},"end":{"line":61,"column":null}},"30":{"start":{"line":63,"column":4},"end":{"line":63,"column":null}},"31":{"start":{"line":64,"column":4},"end":{"line":64,"column":null}},"32":{"start":{"line":65,"column":4},"end":{"line":65,"column":null}},"33":{"start":{"line":66,"column":4},"end":{"line":66,"column":null}},"34":{"start":{"line":73,"column":4},"end":{"line":73,"column":null}},"35":{"start":{"line":73,"column":64},"end":{"line":73,"column":null}},"36":{"start":{"line":75,"column":16},"end":{"line":75,"column":null}},"37":{"start":{"line":76,"column":16},"end":{"line":76,"column":null}},"38":{"start":{"line":77,"column":14},"end":{"line":77,"column":null}},"39":{"start":{"line":79,"column":23},"end":{"line":79,"column":null}},"40":{"start":{"line":80,"column":19},"end":{"line":80,"column":null}},"41":{"start":{"line":81,"column":17},"end":{"line":81,"column":null}},"42":{"start":{"line":82,"column":4},"end":{"line":84,"column":null}},"43":{"start":{"line":82,"column":17},"end":{"line":82,"column":20}},"44":{"start":{"line":83,"column":6},"end":{"line":83,"column":null}},"45":{"start":{"line":86,"column":19},"end":{"line":86,"column":null}},"46":{"start":{"line":87,"column":4},"end":{"line":87,"column":null}},"47":{"start":{"line":89,"column":17},"end":{"line":89,"column":null}},"48":{"start":{"line":90,"column":4},"end":{"line":90,"column":null}},"49":{"start":{"line":91,"column":4},"end":{"line":91,"column":null}},"50":{"start":{"line":93,"column":4},"end":{"line":93,"column":null}},"51":{"start":{"line":94,"column":4},"end":{"line":94,"column":null}},"52":{"start":{"line":95,"column":4},"end":{"line":95,"column":null}},"53":{"start":{"line":102,"column":21},"end":{"line":102,"column":null}},"54":{"start":{"line":103,"column":4},"end":{"line":103,"column":null}},"55":{"start":{"line":104,"column":4},"end":{"line":104,"column":null}},"56":{"start":{"line":109,"column":17},"end":{"line":109,"column":null}},"57":{"start":{"line":110,"column":4},"end":{"line":110,"column":null}},"58":{"start":{"line":111,"column":4},"end":{"line":111,"column":null}},"59":{"start":{"line":116,"column":17},"end":{"line":116,"column":null}},"60":{"start":{"line":117,"column":4},"end":{"line":119,"column":null}},"61":{"start":{"line":117,"column":17},"end":{"line":117,"column":20}},"62":{"start":{"line":118,"column":6},"end":{"line":118,"column":null}},"63":{"start":{"line":124,"column":4},"end":{"line":124,"column":null}},"64":{"start":{"line":125,"column":4},"end":{"line":125,"column":null}},"65":{"start":{"line":130,"column":4},"end":{"line":130,"column":null}},"66":{"start":{"line":130,"column":64},"end":{"line":130,"column":null}},"67":{"start":{"line":131,"column":14},"end":{"line":131,"column":null}},"68":{"start":{"line":133,"column":16},"end":{"line":133,"column":null}},"69":{"start":{"line":134,"column":17},"end":{"line":134,"column":null}},"70":{"start":{"line":135,"column":4},"end":{"line":135,"column":null}},"71":{"start":{"line":136,"column":4},"end":{"line":136,"column":null}},"72":{"start":{"line":137,"column":4},"end":{"line":137,"column":null}},"73":{"start":{"line":138,"column":4},"end":{"line":138,"column":null}},"74":{"start":{"line":139,"column":4},"end":{"line":139,"column":null}},"75":{"start":{"line":141,"column":4},"end":{"line":141,"column":null}},"76":{"start":{"line":142,"column":4},"end":{"line":142,"column":null}},"77":{"start":{"line":143,"column":4},"end":{"line":143,"column":null}},"78":{"start":{"line":144,"column":4},"end":{"line":144,"column":null}},"79":{"start":{"line":149,"column":4},"end":{"line":149,"column":null}},"80":{"start":{"line":150,"column":4},"end":{"line":150,"column":null}},"81":{"start":{"line":155,"column":18},"end":{"line":155,"column":null}},"82":{"start":{"line":156,"column":4},"end":{"line":158,"column":null}},"83":{"start":{"line":156,"column":17},"end":{"line":156,"column":20}},"84":{"start":{"line":157,"column":6},"end":{"line":157,"column":null}},"85":{"start":{"line":163,"column":18},"end":{"line":163,"column":null}},"86":{"start":{"line":164,"column":4},"end":{"line":167,"column":null}},"87":{"start":{"line":164,"column":17},"end":{"line":164,"column":20}},"88":{"start":{"line":165,"column":6},"end":{"line":165,"column":null}},"89":{"start":{"line":166,"column":6},"end":{"line":166,"column":null}},"90":{"start":{"line":172,"column":4},"end":{"line":172,"column":null}},"91":{"start":{"line":173,"column":4},"end":{"line":173,"column":null}},"92":{"start":{"line":174,"column":4},"end":{"line":174,"column":null}},"93":{"start":{"line":179,"column":4},"end":{"line":179,"column":null}},"94":{"start":{"line":180,"column":4},"end":{"line":180,"column":null}},"95":{"start":{"line":184,"column":4},"end":{"line":188,"column":null}},"96":{"start":{"line":185,"column":6},"end":{"line":185,"column":null}},"97":{"start":{"line":186,"column":6},"end":{"line":186,"column":null}},"98":{"start":{"line":187,"column":6},"end":{"line":187,"column":null}}},"fnMap":{"0":{"name":"(anonymous_0)","decl":{"start":{"line":11,"column":2},"end":{"line":11,"column":14}},"loc":{"start":{"line":11,"column":44},"end":{"line":13,"column":null}},"line":11},"1":{"name":"(anonymous_1)","decl":{"start":{"line":15,"column":10},"end":{"line":15,"column":35}},"loc":{"start":{"line":15,"column":35},"end":{"line":26,"column":null}},"line":15},"2":{"name":"(anonymous_2)","decl":{"start":{"line":28,"column":2},"end":{"line":28,"column":12}},"loc":{"start":{"line":28,"column":31},"end":{"line":31,"column":null}},"line":28},"3":{"name":"(anonymous_3)","decl":{"start":{"line":33,"column":2},"end":{"line":33,"column":11}},"loc":{"start":{"line":33,"column":33},"end":{"line":36,"column":null}},"line":33},"4":{"name":"(anonymous_4)","decl":{"start":{"line":41,"column":2},"end":{"line":41,"column":7}},"loc":{"start":{"line":47,"column":11},"end":{"line":67,"column":null}},"line":47},"5":{"name":"(anonymous_5)","decl":{"start":{"line":72,"column":2},"end":{"line":72,"column":8}},"loc":{"start":{"line":72,"column":63},"end":{"line":96,"column":null}},"line":72},"6":{"name":"(anonymous_6)","decl":{"start":{"line":101,"column":2},"end":{"line":101,"column":8}},"loc":{"start":{"line":101,"column":28},"end":{"line":105,"column":null}},"line":101},"7":{"name":"(anonymous_7)","decl":{"start":{"line":108,"column":2},"end":{"line":108,"column":8}},"loc":{"start":{"line":108,"column":29},"end":{"line":112,"column":null}},"line":108},"8":{"name":"(anonymous_8)","decl":{"start":{"line":115,"column":2},"end":{"line":115,"column":13}},"loc":{"start":{"line":115,"column":34},"end":{"line":120,"column":null}},"line":115},"9":{"name":"(anonymous_9)","decl":{"start":{"line":123,"column":2},"end":{"line":123,"column":16}},"loc":{"start":{"line":123,"column":16},"end":{"line":126,"column":null}},"line":123},"10":{"name":"(anonymous_10)","decl":{"start":{"line":129,"column":2},"end":{"line":129,"column":16}},"loc":{"start":{"line":129,"column":16},"end":{"line":145,"column":null}},"line":129},"11":{"name":"(anonymous_11)","decl":{"start":{"line":148,"column":2},"end":{"line":148,"column":16}},"loc":{"start":{"line":148,"column":16},"end":{"line":151,"column":null}},"line":148},"12":{"name":"(anonymous_12)","decl":{"start":{"line":154,"column":2},"end":{"line":154,"column":19}},"loc":{"start":{"line":154,"column":19},"end":{"line":159,"column":null}},"line":154},"13":{"name":"(anonymous_13)","decl":{"start":{"line":162,"column":2},"end":{"line":162,"column":18}},"loc":{"start":{"line":162,"column":18},"end":{"line":168,"column":null}},"line":162},"14":{"name":"(anonymous_14)","decl":{"start":{"line":171,"column":2},"end":{"line":171,"column":20}},"loc":{"start":{"line":171,"column":20},"end":{"line":175,"column":null}},"line":171},"15":{"name":"(anonymous_15)","decl":{"start":{"line":178,"column":2},"end":{"line":178,"column":18}},"loc":{"start":{"line":178,"column":18},"end":{"line":181,"column":null}},"line":178},"16":{"name":"(anonymous_16)","decl":{"start":{"line":183,"column":2},"end":{"line":183,"column":18}},"loc":{"start":{"line":183,"column":18},"end":{"line":189,"column":null}},"line":183}},"branchMap":{"0":{"loc":{"start":{"line":12,"column":18},"end":{"line":12,"column":null}},"type":"binary-expr","locations":[{"start":{"line":12,"column":18},"end":{"line":12,"column":36}},{"start":{"line":12,"column":36},"end":{"line":12,"column":null}}],"line":12},"1":{"loc":{"start":{"line":16,"column":4},"end":{"line":16,"column":null}},"type":"if","locations":[{"start":{"line":16,"column":4},"end":{"line":16,"column":null}},{"start":{},"end":{}}],"line":16},"2":{"loc":{"start":{"line":30,"column":4},"end":{"line":30,"column":null}},"type":"if","locations":[{"start":{"line":30,"column":4},"end":{"line":30,"column":null}},{"start":{},"end":{}}],"line":30},"3":{"loc":{"start":{"line":35,"column":4},"end":{"line":35,"column":null}},"type":"if","locations":[{"start":{"line":35,"column":4},"end":{"line":35,"column":null}},{"start":{},"end":{}}],"line":35},"4":{"loc":{"start":{"line":35,"column":54},"end":{"line":35,"column":null}},"type":"cond-expr","locations":[{"start":{"line":35,"column":62},"end":{"line":35,"column":66}},{"start":{"line":35,"column":66},"end":{"line":35,"column":null}}],"line":35},"5":{"loc":{"start":{"line":48,"column":4},"end":{"line":48,"column":null}},"type":"if","locations":[{"start":{"line":48,"column":4},"end":{"line":48,"column":null}},{"start":{},"end":{}}],"line":48},"6":{"loc":{"start":{"line":48,"column":8},"end":{"line":48,"column":64}},"type":"binary-expr","locations":[{"start":{"line":48,"column":8},"end":{"line":48,"column":33}},{"start":{"line":48,"column":33},"end":{"line":48,"column":46}},{"start":{"line":48,"column":46},"end":{"line":48,"column":64}}],"line":48},"7":{"loc":{"start":{"line":50,"column":38},"end":{"line":50,"column":null}},"type":"binary-expr","locations":[{"start":{"line":50,"column":38},"end":{"line":50,"column":54}},{"start":{"line":50,"column":54},"end":{"line":50,"column":null}}],"line":50},"8":{"loc":{"start":{"line":51,"column":16},"end":{"line":51,"column":null}},"type":"binary-expr","locations":[{"start":{"line":51,"column":16},"end":{"line":51,"column":35}},{"start":{"line":51,"column":35},"end":{"line":51,"column":null}}],"line":51},"9":{"loc":{"start":{"line":52,"column":16},"end":{"line":52,"column":null}},"type":"binary-expr","locations":[{"start":{"line":52,"column":16},"end":{"line":52,"column":33}},{"start":{"line":52,"column":33},"end":{"line":52,"column":null}}],"line":52},"10":{"loc":{"start":{"line":57,"column":15},"end":{"line":57,"column":null}},"type":"binary-expr","locations":[{"start":{"line":57,"column":15},"end":{"line":57,"column":30}},{"start":{"line":57,"column":30},"end":{"line":57,"column":null}}],"line":57},"11":{"loc":{"start":{"line":73,"column":4},"end":{"line":73,"column":null}},"type":"if","locations":[{"start":{"line":73,"column":4},"end":{"line":73,"column":null}},{"start":{},"end":{}}],"line":73},"12":{"loc":{"start":{"line":73,"column":8},"end":{"line":73,"column":64}},"type":"binary-expr","locations":[{"start":{"line":73,"column":8},"end":{"line":73,"column":33}},{"start":{"line":73,"column":33},"end":{"line":73,"column":46}},{"start":{"line":73,"column":46},"end":{"line":73,"column":64}}],"line":73},"13":{"loc":{"start":{"line":75,"column":16},"end":{"line":75,"column":null}},"type":"binary-expr","locations":[{"start":{"line":75,"column":16},"end":{"line":75,"column":36}},{"start":{"line":75,"column":36},"end":{"line":75,"column":null}}],"line":75},"14":{"loc":{"start":{"line":76,"column":16},"end":{"line":76,"column":null}},"type":"binary-expr","locations":[{"start":{"line":76,"column":16},"end":{"line":76,"column":34}},{"start":{"line":76,"column":34},"end":{"line":76,"column":null}}],"line":76},"15":{"loc":{"start":{"line":130,"column":4},"end":{"line":130,"column":null}},"type":"if","locations":[{"start":{"line":130,"column":4},"end":{"line":130,"column":null}},{"start":{},"end":{}}],"line":130},"16":{"loc":{"start":{"line":130,"column":8},"end":{"line":130,"column":64}},"type":"binary-expr","locations":[{"start":{"line":130,"column":8},"end":{"line":130,"column":33}},{"start":{"line":130,"column":33},"end":{"line":130,"column":46}},{"start":{"line":130,"column":46},"end":{"line":130,"column":64}}],"line":130},"17":{"loc":{"start":{"line":184,"column":4},"end":{"line":188,"column":null}},"type":"if","locations":[{"start":{"line":184,"column":4},"end":{"line":188,"column":null}},{"start":{},"end":{}}],"line":184}},"s":{"0":0,"1":0,"2":0,"3":0,"4":0,"5":0,"6":0,"7":0,"8":0,"9":0,"10":0,"11":0,"12":0,"13":0,"14":0,"15":0,"16":0,"17":0,"18":0,"19":0,"20":0,"21":0,"22":0,"23":0,"24":0,"25":0,"26":0,"27":0,"28":0,"29":0,"30":0,"31":0,"32":0,"33":0,"34":0,"35":0,"36":0,"37":0,"38":0,"39":0,"40":0,"41":0,"42":0,"43":0,"44":0,"45":0,"46":0,"47":0,"48":0,"49":0,"50":0,"51":0,"52":0,"53":0,"54":0,"55":0,"56":0,"57":0,"58":0,"59":0,"60":0,"61":0,"62":0,"63":0,"64":0,"65":0,"66":0,"67":0,"68":0,"69":0,"70":0,"71":0,"72":0,"73":0,"74":0,"75":0,"76":0,"77":0,"78":0,"79":0,"80":0,"81":0,"82":0,"83":0,"84":0,"85":0,"86":0,"87":0,"88":0,"89":0,"90":0,"91":0,"92":0,"93":0,"94":0,"95":0,"96":0,"97":0,"98":0},"f":{"0":0,"1":0,"2":0,"3":0,"4":0,"5":0,"6":0,"7":0,"8":0,"9":0,"10":0,"11":0,"12":0,"13":0,"14":0,"15":0,"16":0},"b":{"0":[0,0],"1":[0,0],"2":[0,0],"3":[0,0],"4":[0,0],"5":[0,0],"6":[0,0,0],"7":[0,0],"8":[0,0],"9":[0,0],"10":[0,0],"11":[0,0],"12":[0,0,0],"13":[0,0],"14":[0,0],"15":[0,0],"16":[0,0,0],"17":[0,0]},"meta":{"lastBranch":18,"lastFunction":17,"lastStatement":99,"seen":{"s:6:37:6:Infinity":0,"s:7:40:7:Infinity":1,"s:9:18:9:Infinity":2,"f:11:2:11:14":0,"s:12:4:12:Infinity":3,"b:12:18:12:36:12:36:12:Infinity":0,"f:15:10:15:35":1,"b:16:4:16:Infinity:undefined:undefined:undefined:undefined":1,"s:16:4:16:Infinity":4,"s:16:18:16:Infinity":5,"s:17:4:25:Infinity":6,"s:18:6:18:Infinity":7,"s:19:6:19:Infinity":8,"s:20:6:20:Infinity":9,"s:21:6:21:Infinity":10,"s:22:6:22:Infinity":11,"s:24:6:24:Infinity":12,"f:28:2:28:12":2,"s:29:4:29:Infinity":13,"b:30:4:30:Infinity:undefined:undefined:undefined:undefined":2,"s:30:4:30:Infinity":14,"s:30:25:30:Infinity":15,"f:33:2:33:11":3,"s:34:4:34:Infinity":16,"b:35:4:35:Infinity:undefined:undefined:undefined:undefined":3,"s:35:4:35:Infinity":17,"s:35:25:35:Infinity":18,"b:35:62:35:66:35:66:35:Infinity":4,"f:41:2:41:7":4,"b:48:4:48:Infinity:undefined:undefined:undefined:undefined":5,"s:48:4:48:Infinity":19,"b:48:8:48:33:48:33:48:46:48:46:48:64":6,"s:48:64:48:Infinity":20,"s:50:14:50:Infinity":21,"b:50:38:50:54:50:54:50:Infinity":7,"s:51:16:51:Infinity":22,"b:51:16:51:35:51:35:51:Infinity":8,"s:52:16:52:Infinity":23,"b:52:16:52:33:52:33:52:Infinity":9,"s:54:16:54:Infinity":24,"s:55:17:55:Infinity":25,"s:57:4:57:Infinity":26,"b:57:15:57:30:57:30:57:Infinity":10,"s:58:4:58:Infinity":27,"s:60:4:60:Infinity":28,"s:61:4:61:Infinity":29,"s:63:4:63:Infinity":30,"s:64:4:64:Infinity":31,"s:65:4:65:Infinity":32,"s:66:4:66:Infinity":33,"f:72:2:72:8":5,"b:73:4:73:Infinity:undefined:undefined:undefined:undefined":11,"s:73:4:73:Infinity":34,"b:73:8:73:33:73:33:73:46:73:46:73:64":12,"s:73:64:73:Infinity":35,"s:75:16:75:Infinity":36,"b:75:16:75:36:75:36:75:Infinity":13,"s:76:16:76:Infinity":37,"b:76:16:76:34:76:34:76:Infinity":14,"s:77:14:77:Infinity":38,"s:79:23:79:Infinity":39,"s:80:19:80:Infinity":40,"s:81:17:81:Infinity":41,"s:82:4:84:Infinity":42,"s:82:17:82:20":43,"s:83:6:83:Infinity":44,"s:86:19:86:Infinity":45,"s:87:4:87:Infinity":46,"s:89:17:89:Infinity":47,"s:90:4:90:Infinity":48,"s:91:4:91:Infinity":49,"s:93:4:93:Infinity":50,"s:94:4:94:Infinity":51,"s:95:4:95:Infinity":52,"f:101:2:101:8":6,"s:102:21:102:Infinity":53,"s:103:4:103:Infinity":54,"s:104:4:104:Infinity":55,"f:108:2:108:8":7,"s:109:17:109:Infinity":56,"s:110:4:110:Infinity":57,"s:111:4:111:Infinity":58,"f:115:2:115:13":8,"s:116:17:116:Infinity":59,"s:117:4:119:Infinity":60,"s:117:17:117:20":61,"s:118:6:118:Infinity":62,"f:123:2:123:16":9,"s:124:4:124:Infinity":63,"s:125:4:125:Infinity":64,"f:129:2:129:16":10,"b:130:4:130:Infinity:undefined:undefined:undefined:undefined":15,"s:130:4:130:Infinity":65,"b:130:8:130:33:130:33:130:46:130:46:130:64":16,"s:130:64:130:Infinity":66,"s:131:14:131:Infinity":67,"s:133:16:133:Infinity":68,"s:134:17:134:Infinity":69,"s:135:4:135:Infinity":70,"s:136:4:136:Infinity":71,"s:137:4:137:Infinity":72,"s:138:4:138:Infinity":73,"s:139:4:139:Infinity":74,"s:141:4:141:Infinity":75,"s:142:4:142:Infinity":76,"s:143:4:143:Infinity":77,"s:144:4:144:Infinity":78,"f:148:2:148:16":11,"s:149:4:149:Infinity":79,"s:150:4:150:Infinity":80,"f:154:2:154:19":12,"s:155:18:155:Infinity":81,"s:156:4:158:Infinity":82,"s:156:17:156:20":83,"s:157:6:157:Infinity":84,"f:162:2:162:18":13,"s:163:18:163:Infinity":85,"s:164:4:167:Infinity":86,"s:164:17:164:20":87,"s:165:6:165:Infinity":88,"s:166:6:166:Infinity":89,"f:171:2:171:20":14,"s:172:4:172:Infinity":90,"s:173:4:173:Infinity":91,"s:174:4:174:Infinity":92,"f:178:2:178:18":15,"s:179:4:179:Infinity":93,"s:180:4:180:Infinity":94,"f:183:2:183:18":16,"b:184:4:188:Infinity:undefined:undefined:undefined:undefined":17,"s:184:4:188:Infinity":95,"s:185:6:185:Infinity":96,"s:186:6:186:Infinity":97,"s:187:6:187:Infinity":98}}}
,"C:\\Users\\pedro\\Desktop\\Code\\clik\\packages\\clik-engine\\src\\audio\\ProceduralMusic.ts": {"path":"C:\\Users\\pedro\\Desktop\\Code\\clik\\packages\\clik-engine\\src\\audio\\ProceduralMusic.ts","statementMap":{"0":{"start":{"line":7,"column":37},"end":{"line":7,"column":null}},"1":{"start":{"line":8,"column":40},"end":{"line":8,"column":null}},"2":{"start":{"line":12,"column":20},"end":{"line":12,"column":null}},"3":{"start":{"line":13,"column":59},"end":{"line":13,"column":null}},"4":{"start":{"line":14,"column":22},"end":{"line":14,"column":null}},"5":{"start":{"line":15,"column":17},"end":{"line":15,"column":null}},"6":{"start":{"line":16,"column":62},"end":{"line":16,"column":null}},"7":{"start":{"line":19,"column":32},"end":{"line":24,"column":null}},"8":{"start":{"line":25,"column":31},"end":{"line":25,"column":null}},"9":{"start":{"line":26,"column":33},"end":{"line":26,"column":null}},"10":{"start":{"line":29,"column":4},"end":{"line":29,"column":null}},"11":{"start":{"line":30,"column":4},"end":{"line":30,"column":null}},"12":{"start":{"line":31,"column":4},"end":{"line":31,"column":null}},"13":{"start":{"line":35,"column":4},"end":{"line":35,"column":null}},"14":{"start":{"line":35,"column":18},"end":{"line":35,"column":null}},"15":{"start":{"line":36,"column":4},"end":{"line":44,"column":null}},"16":{"start":{"line":37,"column":6},"end":{"line":37,"column":null}},"17":{"start":{"line":38,"column":6},"end":{"line":38,"column":null}},"18":{"start":{"line":39,"column":6},"end":{"line":39,"column":null}},"19":{"start":{"line":40,"column":6},"end":{"line":40,"column":null}},"20":{"start":{"line":41,"column":6},"end":{"line":41,"column":null}},"21":{"start":{"line":43,"column":6},"end":{"line":43,"column":null}},"22":{"start":{"line":49,"column":4},"end":{"line":49,"column":null}},"23":{"start":{"line":49,"column":22},"end":{"line":49,"column":null}},"24":{"start":{"line":50,"column":4},"end":{"line":50,"column":null}},"25":{"start":{"line":50,"column":31},"end":{"line":50,"column":null}},"26":{"start":{"line":52,"column":4},"end":{"line":52,"column":null}},"27":{"start":{"line":53,"column":4},"end":{"line":53,"column":null}},"28":{"start":{"line":54,"column":4},"end":{"line":54,"column":null}},"29":{"start":{"line":56,"column":4},"end":{"line":59,"column":null}},"30":{"start":{"line":57,"column":6},"end":{"line":57,"column":null}},"31":{"start":{"line":58,"column":6},"end":{"line":58,"column":null}},"32":{"start":{"line":64,"column":4},"end":{"line":64,"column":null}},"33":{"start":{"line":64,"column":23},"end":{"line":64,"column":null}},"34":{"start":{"line":66,"column":4},"end":{"line":75,"column":null}},"35":{"start":{"line":67,"column":16},"end":{"line":67,"column":null}},"36":{"start":{"line":68,"column":6},"end":{"line":68,"column":null}},"37":{"start":{"line":69,"column":6},"end":{"line":72,"column":null}},"38":{"start":{"line":70,"column":8},"end":{"line":70,"column":null}},"39":{"start":{"line":71,"column":8},"end":{"line":71,"column":null}},"40":{"start":{"line":71,"column":29},"end":{"line":71,"column":null}},"41":{"start":{"line":74,"column":6},"end":{"line":74,"column":null}},"42":{"start":{"line":80,"column":4},"end":{"line":80,"column":null}},"43":{"start":{"line":84,"column":4},"end":{"line":84,"column":null}},"44":{"start":{"line":85,"column":4},"end":{"line":85,"column":null}},"45":{"start":{"line":85,"column":25},"end":{"line":85,"column":null}},"46":{"start":{"line":89,"column":4},"end":{"line":89,"column":null}},"47":{"start":{"line":93,"column":4},"end":{"line":93,"column":null}},"48":{"start":{"line":93,"column":39},"end":{"line":93,"column":null}},"49":{"start":{"line":95,"column":4},"end":{"line":100,"column":null}},"50":{"start":{"line":96,"column":19},"end":{"line":96,"column":36}},"51":{"start":{"line":96,"column":36},"end":{"line":96,"column":null}},"52":{"start":{"line":97,"column":19},"end":{"line":97,"column":36}},"53":{"start":{"line":97,"column":36},"end":{"line":97,"column":null}},"54":{"start":{"line":98,"column":23},"end":{"line":98,"column":44}},"55":{"start":{"line":98,"column":44},"end":{"line":98,"column":null}},"56":{"start":{"line":99,"column":22},"end":{"line":99,"column":42}},"57":{"start":{"line":99,"column":42},"end":{"line":99,"column":null}},"58":{"start":{"line":105,"column":4},"end":{"line":110,"column":null}},"59":{"start":{"line":106,"column":20},"end":{"line":106,"column":null}},"60":{"start":{"line":107,"column":6},"end":{"line":109,"column":null}},"61":{"start":{"line":108,"column":8},"end":{"line":108,"column":null}},"62":{"start":{"line":113,"column":4},"end":{"line":117,"column":null}},"63":{"start":{"line":114,"column":22},"end":{"line":114,"column":null}},"64":{"start":{"line":115,"column":19},"end":{"line":115,"column":null}},"65":{"start":{"line":116,"column":6},"end":{"line":116,"column":null}},"66":{"start":{"line":122,"column":4},"end":{"line":125,"column":null}},"67":{"start":{"line":123,"column":23},"end":{"line":123,"column":null}},"68":{"start":{"line":124,"column":6},"end":{"line":124,"column":null}},"69":{"start":{"line":128,"column":4},"end":{"line":130,"column":null}},"70":{"start":{"line":129,"column":6},"end":{"line":129,"column":null}},"71":{"start":{"line":133,"column":25},"end":{"line":133,"column":null}},"72":{"start":{"line":134,"column":4},"end":{"line":138,"column":null}},"73":{"start":{"line":135,"column":22},"end":{"line":135,"column":null}},"74":{"start":{"line":136,"column":19},"end":{"line":136,"column":null}},"75":{"start":{"line":137,"column":6},"end":{"line":137,"column":null}},"76":{"start":{"line":141,"column":4},"end":{"line":143,"column":null}},"77":{"start":{"line":142,"column":6},"end":{"line":142,"column":null}},"78":{"start":{"line":146,"column":4},"end":{"line":152,"column":null}},"79":{"start":{"line":147,"column":23},"end":{"line":147,"column":null}},"80":{"start":{"line":148,"column":20},"end":{"line":148,"column":null}},"81":{"start":{"line":149,"column":6},"end":{"line":151,"column":null}},"82":{"start":{"line":150,"column":8},"end":{"line":150,"column":null}},"83":{"start":{"line":157,"column":4},"end":{"line":162,"column":null}},"84":{"start":{"line":158,"column":25},"end":{"line":158,"column":null}},"85":{"start":{"line":159,"column":6},"end":{"line":161,"column":null}},"86":{"start":{"line":160,"column":8},"end":{"line":160,"column":null}},"87":{"start":{"line":167,"column":4},"end":{"line":170,"column":null}},"88":{"start":{"line":168,"column":22},"end":{"line":168,"column":null}},"89":{"start":{"line":169,"column":6},"end":{"line":169,"column":null}},"90":{"start":{"line":171,"column":4},"end":{"line":176,"column":null}},"91":{"start":{"line":172,"column":20},"end":{"line":172,"column":null}},"92":{"start":{"line":173,"column":6},"end":{"line":175,"column":null}},"93":{"start":{"line":174,"column":8},"end":{"line":174,"column":null}},"94":{"start":{"line":182,"column":4},"end":{"line":182,"column":null}},"95":{"start":{"line":182,"column":39},"end":{"line":182,"column":null}},"96":{"start":{"line":183,"column":14},"end":{"line":183,"column":null}},"97":{"start":{"line":184,"column":16},"end":{"line":184,"column":null}},"98":{"start":{"line":186,"column":16},"end":{"line":186,"column":null}},"99":{"start":{"line":187,"column":17},"end":{"line":187,"column":null}},"100":{"start":{"line":188,"column":19},"end":{"line":188,"column":null}},"101":{"start":{"line":190,"column":4},"end":{"line":190,"column":null}},"102":{"start":{"line":191,"column":4},"end":{"line":191,"column":null}},"103":{"start":{"line":193,"column":4},"end":{"line":193,"column":null}},"104":{"start":{"line":194,"column":4},"end":{"line":194,"column":null}},"105":{"start":{"line":195,"column":4},"end":{"line":195,"column":null}},"106":{"start":{"line":198,"column":4},"end":{"line":198,"column":null}},"107":{"start":{"line":199,"column":4},"end":{"line":199,"column":null}},"108":{"start":{"line":200,"column":4},"end":{"line":200,"column":null}},"109":{"start":{"line":202,"column":4},"end":{"line":202,"column":null}},"110":{"start":{"line":203,"column":4},"end":{"line":203,"column":null}},"111":{"start":{"line":204,"column":4},"end":{"line":204,"column":null}},"112":{"start":{"line":205,"column":4},"end":{"line":205,"column":null}},"113":{"start":{"line":206,"column":4},"end":{"line":206,"column":null}},"114":{"start":{"line":210,"column":4},"end":{"line":210,"column":null}},"115":{"start":{"line":210,"column":39},"end":{"line":210,"column":null}},"116":{"start":{"line":211,"column":14},"end":{"line":211,"column":null}},"117":{"start":{"line":212,"column":16},"end":{"line":212,"column":null}},"118":{"start":{"line":214,"column":16},"end":{"line":214,"column":null}},"119":{"start":{"line":215,"column":17},"end":{"line":215,"column":null}},"120":{"start":{"line":216,"column":19},"end":{"line":216,"column":null}},"121":{"start":{"line":218,"column":4},"end":{"line":218,"column":null}},"122":{"start":{"line":219,"column":4},"end":{"line":219,"column":null}},"123":{"start":{"line":220,"column":4},"end":{"line":220,"column":null}},"124":{"start":{"line":221,"column":4},"end":{"line":221,"column":null}},"125":{"start":{"line":223,"column":4},"end":{"line":223,"column":null}},"126":{"start":{"line":224,"column":4},"end":{"line":224,"column":null}},"127":{"start":{"line":225,"column":4},"end":{"line":225,"column":null}},"128":{"start":{"line":227,"column":4},"end":{"line":227,"column":null}},"129":{"start":{"line":228,"column":4},"end":{"line":228,"column":null}},"130":{"start":{"line":229,"column":4},"end":{"line":229,"column":null}},"131":{"start":{"line":230,"column":4},"end":{"line":230,"column":null}},"132":{"start":{"line":231,"column":4},"end":{"line":231,"column":null}},"133":{"start":{"line":235,"column":4},"end":{"line":235,"column":null}},"134":{"start":{"line":235,"column":39},"end":{"line":235,"column":null}},"135":{"start":{"line":236,"column":14},"end":{"line":236,"column":null}},"136":{"start":{"line":237,"column":16},"end":{"line":237,"column":null}},"137":{"start":{"line":239,"column":16},"end":{"line":239,"column":null}},"138":{"start":{"line":240,"column":17},"end":{"line":240,"column":null}},"139":{"start":{"line":241,"column":19},"end":{"line":241,"column":null}},"140":{"start":{"line":243,"column":4},"end":{"line":243,"column":null}},"141":{"start":{"line":244,"column":4},"end":{"line":244,"column":null}},"142":{"start":{"line":246,"column":4},"end":{"line":246,"column":null}},"143":{"start":{"line":247,"column":4},"end":{"line":247,"column":null}},"144":{"start":{"line":249,"column":4},"end":{"line":249,"column":null}},"145":{"start":{"line":250,"column":4},"end":{"line":250,"column":null}},"146":{"start":{"line":252,"column":4},"end":{"line":252,"column":null}},"147":{"start":{"line":253,"column":4},"end":{"line":253,"column":null}},"148":{"start":{"line":254,"column":4},"end":{"line":254,"column":null}},"149":{"start":{"line":255,"column":4},"end":{"line":255,"column":null}},"150":{"start":{"line":256,"column":4},"end":{"line":256,"column":null}},"151":{"start":{"line":260,"column":4},"end":{"line":260,"column":null}},"152":{"start":{"line":260,"column":39},"end":{"line":260,"column":null}},"153":{"start":{"line":261,"column":14},"end":{"line":261,"column":null}},"154":{"start":{"line":263,"column":16},"end":{"line":263,"column":null}},"155":{"start":{"line":264,"column":17},"end":{"line":264,"column":null}},"156":{"start":{"line":266,"column":4},"end":{"line":266,"column":null}},"157":{"start":{"line":267,"column":4},"end":{"line":267,"column":null}},"158":{"start":{"line":268,"column":4},"end":{"line":268,"column":null}},"159":{"start":{"line":270,"column":4},"end":{"line":270,"column":null}},"160":{"start":{"line":271,"column":4},"end":{"line":271,"column":null}},"161":{"start":{"line":273,"column":4},"end":{"line":273,"column":null}},"162":{"start":{"line":274,"column":4},"end":{"line":274,"column":null}},"163":{"start":{"line":275,"column":4},"end":{"line":275,"column":null}},"164":{"start":{"line":276,"column":4},"end":{"line":276,"column":null}},"165":{"start":{"line":280,"column":4},"end":{"line":283,"column":null}},"166":{"start":{"line":281,"column":6},"end":{"line":281,"column":null}},"167":{"start":{"line":282,"column":6},"end":{"line":282,"column":null}},"168":{"start":{"line":284,"column":4},"end":{"line":284,"column":null}},"169":{"start":{"line":285,"column":4},"end":{"line":285,"column":null}},"170":{"start":{"line":289,"column":4},"end":{"line":289,"column":null}},"171":{"start":{"line":290,"column":4},"end":{"line":294,"column":null}},"172":{"start":{"line":291,"column":6},"end":{"line":291,"column":null}},"173":{"start":{"line":292,"column":6},"end":{"line":292,"column":null}},"174":{"start":{"line":293,"column":6},"end":{"line":293,"column":null}}},"fnMap":{"0":{"name":"(anonymous_0)","decl":{"start":{"line":28,"column":2},"end":{"line":28,"column":14}},"loc":{"start":{"line":28,"column":58},"end":{"line":32,"column":null}},"line":28},"1":{"name":"(anonymous_1)","decl":{"start":{"line":34,"column":10},"end":{"line":34,"column":35}},"loc":{"start":{"line":34,"column":35},"end":{"line":45,"column":null}},"line":34},"2":{"name":"(anonymous_2)","decl":{"start":{"line":48,"column":2},"end":{"line":48,"column":7}},"loc":{"start":{"line":48,"column":61},"end":{"line":60,"column":null}},"line":48},"3":{"name":"(anonymous_3)","decl":{"start":{"line":56,"column":34},"end":{"line":56,"column":40}},"loc":{"start":{"line":56,"column":40},"end":{"line":59,"column":7}},"line":56},"4":{"name":"(anonymous_4)","decl":{"start":{"line":63,"column":2},"end":{"line":63,"column":7}},"loc":{"start":{"line":63,"column":30},"end":{"line":76,"column":null}},"line":63},"5":{"name":"(anonymous_5)","decl":{"start":{"line":69,"column":17},"end":{"line":69,"column":23}},"loc":{"start":{"line":69,"column":23},"end":{"line":72,"column":9}},"line":69},"6":{"name":"(anonymous_6)","decl":{"start":{"line":79,"column":2},"end":{"line":79,"column":15}},"loc":{"start":{"line":79,"column":40},"end":{"line":81,"column":null}},"line":79},"7":{"name":"(anonymous_7)","decl":{"start":{"line":83,"column":2},"end":{"line":83,"column":12}},"loc":{"start":{"line":83,"column":31},"end":{"line":86,"column":null}},"line":83},"8":{"name":"(anonymous_8)","decl":{"start":{"line":88,"column":2},"end":{"line":88,"column":23}},"loc":{"start":{"line":88,"column":23},"end":{"line":90,"column":null}},"line":88},"9":{"name":"(anonymous_9)","decl":{"start":{"line":92,"column":10},"end":{"line":92,"column":23}},"loc":{"start":{"line":92,"column":23},"end":{"line":101,"column":null}},"line":92},"10":{"name":"(anonymous_10)","decl":{"start":{"line":103,"column":10},"end":{"line":103,"column":27}},"loc":{"start":{"line":103,"column":27},"end":{"line":118,"column":null}},"line":103},"11":{"name":"(anonymous_11)","decl":{"start":{"line":120,"column":10},"end":{"line":120,"column":27}},"loc":{"start":{"line":120,"column":27},"end":{"line":153,"column":null}},"line":120},"12":{"name":"(anonymous_12)","decl":{"start":{"line":155,"column":10},"end":{"line":155,"column":31}},"loc":{"start":{"line":155,"column":31},"end":{"line":163,"column":null}},"line":155},"13":{"name":"(anonymous_13)","decl":{"start":{"line":165,"column":10},"end":{"line":165,"column":30}},"loc":{"start":{"line":165,"column":30},"end":{"line":177,"column":null}},"line":165},"14":{"name":"(anonymous_14)","decl":{"start":{"line":181,"column":10},"end":{"line":181,"column":18}},"loc":{"start":{"line":181,"column":74},"end":{"line":207,"column":null}},"line":181},"15":{"name":"(anonymous_15)","decl":{"start":{"line":209,"column":10},"end":{"line":209,"column":20}},"loc":{"start":{"line":209,"column":76},"end":{"line":232,"column":null}},"line":209},"16":{"name":"(anonymous_16)","decl":{"start":{"line":234,"column":10},"end":{"line":234,"column":15}},"loc":{"start":{"line":234,"column":71},"end":{"line":257,"column":null}},"line":234},"17":{"name":"(anonymous_17)","decl":{"start":{"line":259,"column":10},"end":{"line":259,"column":15}},"loc":{"start":{"line":259,"column":34},"end":{"line":277,"column":null}},"line":259},"18":{"name":"(anonymous_18)","decl":{"start":{"line":279,"column":10},"end":{"line":279,"column":26}},"loc":{"start":{"line":279,"column":26},"end":{"line":286,"column":null}},"line":279},"19":{"name":"(anonymous_19)","decl":{"start":{"line":288,"column":2},"end":{"line":288,"column":18}},"loc":{"start":{"line":288,"column":18},"end":{"line":295,"column":null}},"line":288}},"branchMap":{"0":{"loc":{"start":{"line":29,"column":15},"end":{"line":29,"column":null}},"type":"binary-expr","locations":[{"start":{"line":29,"column":15},"end":{"line":29,"column":30}},{"start":{"line":29,"column":30},"end":{"line":29,"column":null}}],"line":29},"1":{"loc":{"start":{"line":30,"column":18},"end":{"line":30,"column":null}},"type":"binary-expr","locations":[{"start":{"line":30,"column":18},"end":{"line":30,"column":36}},{"start":{"line":30,"column":36},"end":{"line":30,"column":null}}],"line":30},"2":{"loc":{"start":{"line":35,"column":4},"end":{"line":35,"column":null}},"type":"if","locations":[{"start":{"line":35,"column":4},"end":{"line":35,"column":null}},{"start":{},"end":{}}],"line":35},"3":{"loc":{"start":{"line":49,"column":4},"end":{"line":49,"column":null}},"type":"if","locations":[{"start":{"line":49,"column":4},"end":{"line":49,"column":null}},{"start":{},"end":{}}],"line":49},"4":{"loc":{"start":{"line":50,"column":4},"end":{"line":50,"column":null}},"type":"if","locations":[{"start":{"line":50,"column":4},"end":{"line":50,"column":null}},{"start":{},"end":{}}],"line":50},"5":{"loc":{"start":{"line":64,"column":4},"end":{"line":64,"column":null}},"type":"if","locations":[{"start":{"line":64,"column":4},"end":{"line":64,"column":null}},{"start":{},"end":{}}],"line":64},"6":{"loc":{"start":{"line":66,"column":4},"end":{"line":75,"column":null}},"type":"if","locations":[{"start":{"line":66,"column":4},"end":{"line":75,"column":null}},{"start":{"line":73,"column":11},"end":{"line":75,"column":null}}],"line":66},"7":{"loc":{"start":{"line":66,"column":8},"end":{"line":66,"column":47}},"type":"binary-expr","locations":[{"start":{"line":66,"column":8},"end":{"line":66,"column":18}},{"start":{"line":66,"column":18},"end":{"line":66,"column":37}},{"start":{"line":66,"column":37},"end":{"line":66,"column":47}}],"line":66},"8":{"loc":{"start":{"line":71,"column":8},"end":{"line":71,"column":null}},"type":"if","locations":[{"start":{"line":71,"column":8},"end":{"line":71,"column":null}},{"start":{},"end":{}}],"line":71},"9":{"loc":{"start":{"line":85,"column":4},"end":{"line":85,"column":null}},"type":"if","locations":[{"start":{"line":85,"column":4},"end":{"line":85,"column":null}},{"start":{},"end":{}}],"line":85},"10":{"loc":{"start":{"line":93,"column":4},"end":{"line":93,"column":null}},"type":"if","locations":[{"start":{"line":93,"column":4},"end":{"line":93,"column":null}},{"start":{},"end":{}}],"line":93},"11":{"loc":{"start":{"line":93,"column":8},"end":{"line":93,"column":39}},"type":"binary-expr","locations":[{"start":{"line":93,"column":8},"end":{"line":93,"column":21}},{"start":{"line":93,"column":21},"end":{"line":93,"column":39}}],"line":93},"12":{"loc":{"start":{"line":95,"column":4},"end"
[...]
,"C:\\Users\\pedro\\Desktop\\Code\\clik\\packages\\clik-engine\\tests\\helpers\\TestScene.ts": {"path":"C:\\Users\\pedro\\Desktop\\Code\\clik\\packages\\clik-engine\\tests\\helpers\\TestScene.ts","statementMap":{"0":{"start":{"line":17,"column":23},"end":{"line":50,"column":null}},"1":{"start":{"line":17,"column":65},"end":{"line":50,"column":null}},"2":{"start":{"line":38,"column":26},"end":{"line":38,"column":95}},"3":{"start":{"line":38,"column":86},"end":{"line":38,"column":91}},"4":{"start":{"line":52,"column":22},"end":{"line":52,"column":null}},"5":{"start":{"line":52,"column":28},"end":{"line":52,"column":null}},"6":{"start":{"line":53,"column":17},"end":{"line":53,"column":null}},"7":{"start":{"line":53,"column":23},"end":{"line":53,"column":null}},"8":{"start":{"line":54,"column":19},"end":{"line":54,"column":null}},"9":{"start":{"line":54,"column":25},"end":{"line":54,"column":null}},"10":{"start":{"line":55,"column":21},"end":{"line":66,"column":null}},"11":{"start":{"line":55,"column":28},"end":{"line":66,"column":null}},"12":{"start":{"line":67,"column":18},"end":{"line":67,"column":null}},"13":{"start":{"line":67,"column":24},"end":{"line":67,"column":null}},"14":{"start":{"line":69,"column":22},"end":{"line":83,"column":null}},"15":{"start":{"line":70,"column":30},"end":{"line":70,"column":null}},"16":{"start":{"line":71,"column":2},"end":{"line":82,"column":null}},"17":{"start":{"line":75,"column":6},"end":{"line":76,"column":null}},"18":{"start":{"line":75,"column":32},"end":{"line":75,"column":null}},"19":{"start":{"line":76,"column":11},"end":{"line":76,"column":null}},"20":{"start":{"line":81,"column":27},"end":{"line":81,"column":42}},"21":{"start":{"line":87,"column":18},"end":{"line":93,"column":null}},"22":{"start":{"line":87,"column":25},"end":{"line":93,"column":null}},"23":{"start":{"line":92,"column":25},"end":{"line":92,"column":30}},"24":{"start":{"line":97,"column":23},"end":{"line":101,"column":null}},"25":{"start":{"line":97,"column":30},"end":{"line":101,"column":null}},"26":{"start":{"line":105,"column":18},"end":{"line":114,"column":null}},"27":{"start":{"line":105,"column":25},"end":{"line":114,"column":null}},"28":{"start":{"line":118,"column":23},"end":{"line":140,"column":null}},"29":{"start":{"line":118,"column":30},"end":{"line":140,"column":null}},"30":{"start":{"line":145,"column":21},"end":{"line":145,"column":null}},"31":{"start":{"line":147,"column":16},"end":{"line":284,"column":null}},"32":{"start":{"line":151,"column":29},"end":{"line":151,"column":44}},"33":{"start":{"line":152,"column":24},"end":{"line":152,"column":34}},"34":{"start":{"line":153,"column":26},"end":{"line":153,"column":38}},"35":{"start":{"line":154,"column":28},"end":{"line":154,"column":42}},"36":{"start":{"line":155,"column":25},"end":{"line":155,"column":36}},"37":{"start":{"line":156,"column":29},"end":{"line":156,"column":44}},"38":{"start":{"line":157,"column":25},"end":{"line":157,"column":36}},"39":{"start":{"line":165,"column":29},"end":{"line":165,"column":47}},"40":{"start":{"line":166,"column":39},"end":{"line":166,"column":42}},"41":{"start":{"line":175,"column":23},"end":{"line":175,"column":34}},"42":{"start":{"line":176,"column":30},"end":{"line":176,"column":41}},"43":{"start":{"line":181,"column":28},"end":{"line":181,"column":44}},"44":{"start":{"line":182,"column":31},"end":{"line":182,"column":47}},"45":{"start":{"line":188,"column":23},"end":{"line":188,"column":34}},"46":{"start":{"line":202,"column":10},"end":{"line":202,"column":null}},"47":{"start":{"line":204,"column":28},"end":{"line":211,"column":10}},"48":{"start":{"line":206,"column":36},"end":{"line":206,"column":40}},"49":{"start":{"line":207,"column":33},"end":{"line":207,"column":34}},"50":{"start":{"line":209,"column":35},"end":{"line":209,"column":36}},"51":{"start":{"line":210,"column":35},"end":{"line":210,"column":37}},"52":{"start":{"line":212,"column":31},"end":{"line":212,"column":48}},"53":{"start":{"line":213,"column":30},"end":{"line":213,"column":47}},"54":{"start":{"line":214,"column":34},"end":{"line":214,"column":37}},"55":{"start":{"line":242,"column":107},"end":{"line":242,"column":118}},"56":{"start":{"line":243,"column":129},"end":{"line":243,"column":140}},"57":{"start":{"line":244,"column":113},"end":{"line":244,"column":124}},"58":{"start":{"line":245,"column":114},"end":{"line":245,"column":125}},"59":{"start":{"line":246,"column":124},"end":{"line":246,"column":135}},"60":{"start":{"line":247,"column":130},"end":{"line":247,"column":141}},"61":{"start":{"line":248,"column":56},"end":{"line":248,"column":65}},"62":{"start":{"line":267,"column":30},"end":{"line":267,"column":34}},"63":{"start":{"line":268,"column":31},"end":{"line":268,"column":33}},"64":{"start":{"line":286,"column":2},"end":{"line":286,"column":null}},"65":{"start":{"line":294,"column":20},"end":{"line":294,"column":null}},"66":{"start":{"line":295,"column":2},"end":{"line":313,"column":null}},"67":{"start":{"line":304,"column":88},"end":{"line":304,"column":104}},"68":{"start":{"line":304,"column":104},"end":{"line":304,"column":117}},"69":{"start":{"line":309,"column":78},"end":{"line":309,"column":99}}},"fnMap":{"0":{"name":"(anonymous_0)","decl":{"start":{"line":17,"column":23},"end":{"line":17,"column":24}},"loc":{"start":{"line":17,"column":65},"end":{"line":50,"column":null}},"line":17},"1":{"name":"(anonymous_1)","decl":{"start":{"line":38,"column":19},"end":{"line":38,"column":26}},"loc":{"start":{"line":38,"column":26},"end":{"line":38,"column":95}},"line":38},"2":{"name":"(anonymous_2)","decl":{"start":{"line":38,"column":80},"end":{"line":38,"column":86}},"loc":{"start":{"line":38,"column":86},"end":{"line":38,"column":91}},"line":38},"3":{"name":"(anonymous_3)","decl":{"start":{"line":52,"column":22},"end":{"line":52,"column":28}},"loc":{"start":{"line":52,"column":28},"end":{"line":52,"column":null}},"line":52},"4":{"name":"(anonymous_4)","decl":{"start":{"line":53,"column":17},"end":{"line":53,"column":23}},"loc":{"start":{"line":53,"column":23},"end":{"line":53,"column":null}},"line":53},"5":{"name":"(anonymous_5)","decl":{"start":{"line":54,"column":19},"end":{"line":54,"column":25}},"loc":{"start":{"line":54,"column":25},"end":{"line":54,"column":null}},"line":54},"6":{"name":"(anonymous_6)","decl":{"start":{"line":55,"column":21},"end":{"line":55,"column":28}},"loc":{"start":{"line":55,"column":28},"end":{"line":66,"column":null}},"line":55},"7":{"name":"(anonymous_7)","decl":{"start":{"line":67,"column":18},"end":{"line":67,"column":24}},"loc":{"start":{"line":67,"column":24},"end":{"line":67,"column":null}},"line":67},"8":{"name":"(anonymous_8)","decl":{"start":{"line":69,"column":22},"end":{"line":69,"column":28}},"loc":{"start":{"line":69,"column":28},"end":{"line":83,"column":null}},"line":69},"9":{"name":"(anonymous_9)","decl":{"start":{"line":74,"column":15},"end":{"line":74,"column":16}},"loc":{"start":{"line":74,"column":35},"end":{"line":77,"column":5}},"line":74},"10":{"name":"(anonymous_10)","decl":{"start":{"line":81,"column":21},"end":{"line":81,"column":27}},"loc":{"start":{"line":81,"column":27},"end":{"line":81,"column":42}},"line":81},"11":{"name":"(anonymous_11)","decl":{"start":{"line":87,"column":18},"end":{"line":87,"column":25}},"loc":{"start":{"line":87,"column":25},"end":{"line":93,"column":null}},"line":87},"12":{"name":"(anonymous_12)","decl":{"start":{"line":92,"column":19},"end":{"line":92,"column":25}},"loc":{"start":{"line":92,"column":25},"end":{"line":92,"column":30}},"line":92},"13":{"name":"(anonymous_13)","decl":{"start":{"line":97,"column":23},"end":{"line":97,"column":30}},"loc":{"start":{"line":97,"column":30},"end":{"line":101,"column":null}},"line":97},"14":{"name":"(anonymous_14)","decl":{"start":{"line":105,"column":18},"end":{"line":105,"column":25}},"loc":{"start":{"line":105,"column":25},"end":{"line":114,"column":null}},"line":105},"15":{"name":"(anonymous_15)","decl":{"start":{"line":118,"column":23},"end":{"line":118,"column":30}},"loc":{"start":{"line":118,"column":30},"end":{"line":140,"column":null}},"line":118},"16":{"name":"makeTestScene","decl":{"start":{"line":144,"column":16},"end":{"line":144,"column":32}},"loc":{"start":{"line":144,"column":32},"end":{"line":287,"column":null}},"line":144},"17":{"name":"(anonymous_17)","decl":{"start":{"line":151,"column":23},"end":{"line":151,"column":29}},"loc":{"start":{"line":151,"column":29},"end":{"line":151,"column":44}},"line":151},"18":{"name":"(anonymous_18)","decl":{"start":{"line":152,"column":18},"end":{"line":152,"column":24}},"loc":{"start":{"line":152,"column":24},"end":{"line":152,"column":34}},"line":152},"19":{"name":"(anonymous_19)","decl":{"start":{"line":153,"column":20},"end":{"line":153,"column":26}},"loc":{"start":{"line":153,"column":26},"end":{"line":153,"column":38}},"line":153},"20":{"name":"(anonymous_20)","decl":{"start":{"line":154,"column":22},"end":{"line":154,"column":28}},"loc":{"start":{"line":154,"column":28},"end":{"line":154,"column":42}},"line":154},"21":{"name":"(anonymous_21)","decl":{"start":{"line":155,"column":19},"end":{"line":155,"column":25}},"loc":{"start":{"line":155,"column":25},"end":{"line":155,"column":36}},"line":155},"22":{"name":"(anonymous_22)","decl":{"start":{"line":156,"column":23},"end":{"line":156,"column":29}},"loc":{"start":{"line":156,"column":29},"end":{"line":156,"column":44}},"line":156},"23":{"name":"(anonymous_23)","decl":{"start":{"line":157,"column":19},"end":{"line":157,"column":25}},"loc":{"start":{"line":157,"column":25},"end":{"line":157,"column":36}},"line":157},"24":{"name":"(anonymous_24)","decl":{"start":{"line":165,"column":22},"end":{"line":165,"column":29}},"loc":{"start":{"line":165,"column":29},"end":{"line":165,"column":47}},"line":165},"25":{"name":"(anonymous_25)","decl":{"start":{"line":166,"column":32},"end":{"line":166,"column":39}},"loc":{"start":{"line":166,"column":39},"end":{"line":166,"column":42}},"line":166},"26":{"name":"(anonymous_26)","decl":{"start":{"line":175,"column":17},"end":{"line":175,"column":23}},"loc":{"start":{"line":175,"column":23},"end":{"line":175,"column":34}},"line":175},"27":{"name":"(anonymous_27)","decl":{"start":{"line":176,"column":24},"end":{"line":176,"column":30}},"loc":{"start":{"line":176,"column":30},"end":{"line":176,"column":41}},"line":176},"28":{"name":"(anonymous_28)","decl":{"start":{"line":181,"column":22},"end":{"line":181,"column":28}},"loc":{"start":{"line":181,"column":28},"end":{"line":181,"column":44}},"line":181},"29":{"name":"(anonymous_29)","decl":{"start":{"line":182,"column":25},"end":{"line":182,"column":31}},"loc":{"start":{"line":182,"column":31},"end":{"line":182,"column":47}},"line":182},"30":{"name":"(anonymous_30)","decl":{"start":{"line":188,"column":17},"end":{"line":188,"column":23}},"loc":{"start":{"line":188,"column":23},"end":{"line":188,"column":34}},"line":188},"31":{"name":"(anonymous_31)","decl":{"start":{"line":201,"column":24},"end":{"line":201,"column":25}},"loc":{"start":{"line":201,"column":59},"end":{"line":203,"column":9}},"line":201},"32":{"name":"(anonymous_32)","decl":{"start":{"line":204,"column":21},"end":{"line":204,"column":28}},"loc":{"start":{"line":204,"column":28},"end":{"line":211,"column":10}},"line":204},"33":{"name":"(anonymous_33)","decl":{"start":{"line":206,"column":30},"end":{"line":206,"column":36}},"loc":{"start":{"line":206,"column":36},"end":{"line":206,"column":40}},"line":206},"34":{"name":"(anonymous_34)","decl":{"start":{"line":207,"column":27},"end":{"line":207,"column":33}},"loc":{"start":{"line":207,"column":33},"end":{"line":207,"column":34}},"line":207},"35":{"name":"(anonymous_35)","decl":{"start":{"line":209,"column":29},"end":{"line":209,"column":35}},"loc":{"start":{"line":209,"column":35},"end":{"line":209,"column":36}},"line":209},"36":{"name":"(anonymous_36)","decl":{"start":{"line":210,"column":29},"end":{"line":210,"column":35}},"loc":{"start":{"line":210,"column":35},"end":{"line":210,"column":37}},"line":210},"37":{"name":"(anonymous_37)","decl":{"start":{"line":212,"column":24},"end":{"line":212,"column":31}},"loc":{"start":{"line":212,"column":31},"end":{"line":212,"column":48}},"line":212},"38":{"name":"(anonymous_38)","decl":{"start":{"line":213,"column":23},"end":{"line":213,"column":30}},"loc":{"start":{"line":213,"column":30},"end":{"line":213,"column":47}},"line":213},"39":{"name":"(anonymous_39)","decl":{"start":{"line":214,"column":27},"end":{"line":214,"column":34}},"loc":{"start":{"line":214,"column":34},"end":{"line":214,"column":37}},"line":214},"40":{"name":"(anonymous_40)","decl":{"start":{"line":242,"column":21},"end":{"line":242,"column":22}},"loc":{"start":{"line":242,"column":107},"end":{"line":242,"column":118}},"line":242},"41":{"name":"(anonymous_41)","decl":{"start":{"line":243,"column":21},"end":{"line":243,"column":22}},"loc":{"start":{"line":243,"column":129},"end":{"line":243,"column":140}},"line":243},"42":{"name":"(anonymous_42)","decl":{"start":{"line":244,"column":22},"end":{"line":244,"column":23}},"loc":{"start":{"line":244,"column":113},"end":{"line":244,"column":124}},"line":244},"43":{"name":"(anonymous_43)","decl":{"start":{"line":245,"column":23},"end":{"line":245,"column":24}},"loc":{"start":{"line":245,"column":114},"end":{"line":245,"column":125}},"line":245},"44":{"name":"(anonymous_44)","decl":{"start":{"line":246,"column":22},"end":{"line":246,"column":23}},"loc":{"start":{"line":246,"column":124},"end":{"line":246,"column":135}},"line":246},"45":{"name":"(anonymous_45)","decl":{"start":{"line":247,"column":19},"end":{"line":247,"column":20}},"loc":{"start":{"line":247,"column":130},"end":{"line":247,"column":141}},"line":247},"46":{"name":"(anonymous_46)","decl":{"start":{"line":248,"column":29},"end":{"line":248,"column":30}},"loc":{"start":{"line":248,"column":56},"end":{"line":248,"column":65}},"line":248},"47":{"name":"(anonymous_47)","decl":{"start":{"line":267,"column":24},"end":{"line":267,"column":30}},"loc":{"start":{"line":267,"column":30},"end":{"line":267,"column":34}},"line":267},"48":{"name":"(anonymous_48)","decl":{"start":{"line":268,"column":25},"end":{"line":268,"column":31}},"loc":{"start":{"line":268,"column":31},"end":{"line":268,"column":33}},"line":268},"49":{"name":"makeEntityMock","decl":{"start":{"line":293,"column":16},"end":{"line":293,"column":31}},"loc":{"start":{"line":293,"column":67},"end":{"line":314,"column":null}},"line":293},"50":{"name":"(anonymous_50)","decl":{"start":{"line":304,"column":41},"end":{"line":304,"column":75}},"loc":{"start":{"line":304,"column":86},"end":{"line":304,"column":118}},"line":304},"51":{"name":"(anonymous_51)","decl":{"start":{"line":309,"column":40},"end":{"line":309,"column":76}},"loc":{"start":{"line":309,"column":76},"end":{"line":309,"column":100}},"line":309}},"branchMap":{"0":{"loc":{"start":{"line":17,"column":24},"end":{"line":17,"column":65}},"type":"default-arg","locations":[{"start":{"line":17,"column":57},"end":{"line":17,"column":65}}],"line":17},"1":{"loc":{"start":{"line":75,"column":6},"end":{"line":76,"column":null}},"type":"if","locations":[{"start":{"line":75,"column":6},"end":{"line":76,"column":null}},{"start":{"line":76,"column":11},"end":{"line":76,"column":null}}],"line":75},"2":{"loc":{"start":{"line":293,"column":31},"end":{"line":293,"column":38}},"type":"default-arg","locations":[{"start":{"line":293,"column":35},"end":{"line":293,"column":38}}],"line":293},"3":{"loc":{"start":{"line":293,"column":38},"end":{"line":293,"column":45}},"type":"default-arg","locations":[{"start":{"line":293,"column":42},"end":{"line":293,"column":45}}],"line":293},"4":{"loc":{"start":{"line":294,"column":20},"end":{"line":294,"column":null}},"type":"binary-expr","locations":[{"start":{"line":294,"column":20},"end":{"line":294,"column":29}},{"start":{"line":294,"column":29},"end":{"line":294,"column":null}}],"line":294}},"s":{"0":8,"1":0,"2":0,"3":0,"4":8,"5":0,"6":8,"7":0,"8":8,"9":0,"10":8,"11":0,"12":8,"13":0,"14":8,"15":0,"16":0,"17":0,"18":0,"19":0,"20":0,"21":8,"22":0,"23":0,"24":8,"25":0,"26":8,"27":0,"28":8,"29":87,"30":87,"31":87,"32":0,"33":0,"34":0,"35":0,"36":0,"37":0,"38":0,"39":0,"40":0,"41":0,"42":0,"43":0,"44":0,"45":0,"46":0,"47":0,"48":0,"49":0,"50":0,"51":0,"52":0,"53":0,"54":0,"55":0,"56":0,"57":0,"58":0,"59":0,"60":0,"61":0,"62":0,"63":0,"64":87,"65":87,"66":87,"67":2,"68":2,"69":3},"f":{"0":0,"1":0,"2":0,"3":0,"4":0,"5":0,"6":0,"7":0,"8":0,"9":0,"10":0,"11":0,"12":0,"13":0,"14":0,"15":87,"16":87,"17":0,"18":0,"19":0,"20":0,"21":0,"22":0,"23":0,"24":0,"25":0,"26":0,"27":0,"28":0,"29":0,"30":0,"31":0,"32":0,"33":0,"34":0,"35":0,"36":0,"37":0,"38":0,"39":0,"40":0,"41":0,"42":0,"43":0,"44":0,"45":0,"46":0,"47":0,"48":0,"49":87,"50":2,"51":3},"b":{"0":[0],"1":[0,0],"2":[87],"3":[87],"4":[87,87]},"meta":{"lastBranch":5,"lastFunction":52,"lastStatement":70,"seen":{"s:17:23:50:Infinity":0,"f:17:23:17:24":0,"s:17:65:50:Infinity":1,"b:17:57:17:65":0,"f:38:19:38:26":1,"s:38:26:38:95":2,"f:38:80:38:86":2,"s:38:86:38:91":3,"s:52:22:52:Infinity":4,"f:52:22:52:28":3,"s:52:28:52:Infinity":5,"s:53:17:53:Infinity":6,"f:53:17:53:23":4,"s:53:23:53:Infinity":7,"s:54:19:54:Infinity":8,"f:54:19:54:25":5,"s:54:25:54:Infinity":9,"s:55:21:66:Infinity":10,"f:55:21:55:28":6,"s:55:28:66:Infinity":11,"s:67:18:67:Infinity":12,"f:67:18:67:24":7,"s:67:24:67:Infinity":13,"s:69:22:83:Infinity":14,"f:69:22:69:28":8,"s:70:30:70:Infinity":15,"s:71:2:82:Infinity":16,"f:74:15:74:16":9,"b:75:6:76:Infinity:76:11:76:Infinity":1,"s:75:6:76:Infinity":17,"s:75:32:75:Infinity":18,"s:76:11:76:Infinity":19,"f:81:21:81:27":10,"s:81:27:81:42":20,"s:87:18:93:Infinity":21,"f:87:18:87:25":11,"s:87:25:93:Infinity":22,"f:92:19:92:25":12,"s:92:25:92:30":23,"s:97:23:101:Infinity":24,"f:97:23:97:30":13,"s:97:30:101:Infinity":25,"s:105:18:114:Infinity":26,"f:105:18:105:25":14,"s:105:25:114:Infinity":27,"s:118:23:140:Infinity":28,"f:118:23:118:30":15,"s:118:30:140:Infinity":29,"f:144:16:144:32":16,"s:145:21:145:Infinity":30,"s:147:16:284:Infinity":31,"f:151:23:151:29":17,"s:151:29:151:44":32,"f:152:18:152:24":18,"s:152:24:152:34":33,"f:153:20:153:26":19,"s:153:26:153:38":34,"f:154:22:154:28":20,"s:154:28:154:42":35,"f:155:19:155:25":21,"s:155:25:155:36":36,"f:156:23:156:29":22,"s:156:29:156:44":37,"f:157:19:157:25":23,"s:157:25:157:36":38,"f:165:22:165:29":24,"s:165:29:165:47":39,"f:166:32:166:39":25,"s:166:39:166:42":40,"f:175:17:175:23":26,"s:175:23:175:34":41,"f:176:24:176:30":27,"s:176:30:176:41":42,"f:181:22:181:28":28,"s:181:28:181:44":43,"f:182:25:182:31":29,"s:182:31:182:47":44,"f:188:17:188:23":30,"s:188:23:188:34":45,"f:201:24:201:25":31,"s:202:10:202:Infinity":46,"f:204:21:204:28":32,"s:204:28:211:10":47,"f:206:30:206:36":33,"s:206:36:206:40":48,"f:207:27:207:33":34,"s:207:33:207:34":49,"f:209:29:209:35":35,"s:209:35:209:36":50,"f:210:29:210:35":36,"s:210:35:210:37":51,"f:212:24:212:31":37,"s:212:31:212:48":52,"f:213:23:213:30":38,"s:213:30:213:47":53,"f:214:27:214:34":39,"s:214:34:214:37":54,"f:242:21:242:22":40,"s:242:107:242:118":55,"f:243:21:243:22":41,"s:243:129:243:140":56,"f:244:22:244:23":42,"s:244:113:244:124":57,"f:245:23:245:24":43,"s:245:114:245:125":58,"f:246:22:246:23":44,"s:246:124:246:135":59,"f:247:19:247:20":45,"s:247:130:247:141":60,"f:248:29:248:30":46,"s:248:56:248:65":61,"f:267:24:267:30":47,"s:267:30:267:34":62,"f:268:25:268:31":48,"s:268:31:268:33":63,"s:286:2:286:Infinity":64,"f:293:16:293:31":49,"b:293:35:293:38":2,"b:293:42:293:45":3,"s:294:20:294:Infinity":65,"b:294:20:294:29:294:29:294:Infinity":4,"s:295:2:313:Infinity":66,"f:304:41:304:75":50,"s:304:88:304:104":67,"s:304:104:304:117":68,"f:309:40:309:76":51,"s:309:78:309:99":69}}}
}
